{"E:\\BINAR_Backend JS\\challenge\\24001184-km7-afz-basicbankingsystem-ch5\\index.js": {"path":"E:\\BINAR_Backend JS\\challenge\\24001184-km7-afz-basicbankingsystem-ch5\\index.js","statementMap":{"0":{"start":{"line":1,"column":15},"end":{"line":1,"column":42}},"1":{"start":{"line":2,"column":13},"end":{"line":2,"column":28}},"2":{"start":{"line":3,"column":16},"end":{"line":3,"column":34}},"3":{"start":{"line":4,"column":16},"end":{"line":4,"column":42}},"4":{"start":{"line":5,"column":14},"end":{"line":5,"column":38}},"5":{"start":{"line":6,"column":17},"end":{"line":6,"column":36}},"6":{"start":{"line":7,"column":15},"end":{"line":7,"column":32}},"7":{"start":{"line":8,"column":19},"end":{"line":8,"column":41}},"8":{"start":{"line":9,"column":18},"end":{"line":9,"column":47}},"9":{"start":{"line":10,"column":20},"end":{"line":10,"column":54}},"10":{"start":{"line":12,"column":19},"end":{"line":12,"column":49}},"11":{"start":{"line":13,"column":19},"end":{"line":13,"column":49}},"12":{"start":{"line":14,"column":24},"end":{"line":14,"column":59}},"13":{"start":{"line":15,"column":19},"end":{"line":15,"column":49}},"14":{"start":{"line":17,"column":12},"end":{"line":17,"column":21}},"15":{"start":{"line":18,"column":13},"end":{"line":18,"column":24}},"16":{"start":{"line":21,"column":0},"end":{"line":21,"column":30}},"17":{"start":{"line":22,"column":0},"end":{"line":22,"column":48}},"18":{"start":{"line":24,"column":0},"end":{"line":24,"column":27}},"19":{"start":{"line":25,"column":0},"end":{"line":25,"column":52}},"20":{"start":{"line":28,"column":0},"end":{"line":35,"column":2}},"21":{"start":{"line":37,"column":0},"end":{"line":37,"column":23}},"22":{"start":{"line":38,"column":0},"end":{"line":38,"column":17}},"23":{"start":{"line":39,"column":0},"end":{"line":43,"column":3}},"24":{"start":{"line":40,"column":2},"end":{"line":40,"column":44}},"25":{"start":{"line":41,"column":2},"end":{"line":41,"column":40}},"26":{"start":{"line":42,"column":2},"end":{"line":42,"column":9}},"27":{"start":{"line":46,"column":0},"end":{"line":46,"column":68}},"28":{"start":{"line":49,"column":0},"end":{"line":49,"column":29}},"29":{"start":{"line":50,"column":0},"end":{"line":50,"column":31}},"30":{"start":{"line":51,"column":0},"end":{"line":51,"column":31}},"31":{"start":{"line":52,"column":0},"end":{"line":52,"column":36}},"32":{"start":{"line":54,"column":0},"end":{"line":57,"column":3}},"33":{"start":{"line":55,"column":2},"end":{"line":55,"column":51}},"34":{"start":{"line":56,"column":2},"end":{"line":56,"column":9}},"35":{"start":{"line":60,"column":0},"end":{"line":63,"column":3}},"36":{"start":{"line":61,"column":2},"end":{"line":61,"column":60}},"37":{"start":{"line":62,"column":2},"end":{"line":62,"column":48}},"38":{"start":{"line":65,"column":0},"end":{"line":65,"column":21}}},"fnMap":{"0":{"name":"(anonymous_0)","decl":{"start":{"line":39,"column":8},"end":{"line":39,"column":9}},"loc":{"start":{"line":39,"column":28},"end":{"line":43,"column":1}},"line":39},"1":{"name":"(anonymous_1)","decl":{"start":{"line":54,"column":8},"end":{"line":54,"column":9}},"loc":{"start":{"line":54,"column":28},"end":{"line":57,"column":1}},"line":54},"2":{"name":"(anonymous_2)","decl":{"start":{"line":60,"column":17},"end":{"line":60,"column":18}},"loc":{"start":{"line":60,"column":23},"end":{"line":63,"column":1}},"line":60}},"branchMap":{},"s":{"0":1,"1":1,"2":1,"3":1,"4":1,"5":1,"6":1,"7":1,"8":1,"9":1,"10":1,"11":1,"12":1,"13":1,"14":1,"15":1,"16":1,"17":1,"18":1,"19":1,"20":1,"21":1,"22":1,"23":1,"24":9,"25":9,"26":9,"27":1,"28":1,"29":1,"30":1,"31":1,"32":1,"33":0,"34":0,"35":1,"36":1,"37":1,"38":1},"f":{"0":9,"1":0,"2":1},"b":{},"_coverageSchema":"1a1c01bbd47fc00a2c39e90264f33305004495a9","hash":"60f60983487c1b632f38b12af893b30172832c51"}
,"E:\\BINAR_Backend JS\\challenge\\24001184-km7-afz-basicbankingsystem-ch5\\configs\\config.js": {"path":"E:\\BINAR_Backend JS\\challenge\\24001184-km7-afz-basicbankingsystem-ch5\\configs\\config.js","statementMap":{"0":{"start":{"line":1,"column":0},"end":{"line":1,"column":27}},"1":{"start":{"line":3,"column":0},"end":{"line":8,"column":2}}},"fnMap":{},"branchMap":{"0":{"loc":{"start":{"line":5,"column":8},"end":{"line":5,"column":32}},"type":"binary-expr","locations":[{"start":{"line":5,"column":8},"end":{"line":5,"column":24}},{"start":{"line":5,"column":28},"end":{"line":5,"column":32}}],"line":5}},"s":{"0":1,"1":1},"f":{},"b":{"0":[1,1]},"_coverageSchema":"1a1c01bbd47fc00a2c39e90264f33305004495a9","hash":"804ff80525a51e2ecb5d72a79fea3982355b4d4c"}
,"E:\\BINAR_Backend JS\\challenge\\24001184-km7-afz-basicbankingsystem-ch5\\controllers\\akunControlers.js": {"path":"E:\\BINAR_Backend JS\\challenge\\24001184-km7-afz-basicbankingsystem-ch5\\controllers\\akunControlers.js","statementMap":{"0":{"start":{"line":1,"column":19},"end":{"line":1,"column":52}},"1":{"start":{"line":4,"column":4},"end":{"line":16,"column":5}},"2":{"start":{"line":5,"column":19},"end":{"line":5,"column":48}},"3":{"start":{"line":6,"column":6},"end":{"line":10,"column":9}},"4":{"start":{"line":12,"column":21},"end":{"line":12,"column":44}},"5":{"start":{"line":13,"column":6},"end":{"line":15,"column":77}},"6":{"start":{"line":19,"column":4},"end":{"line":31,"column":5}},"7":{"start":{"line":20,"column":19},"end":{"line":20,"column":66}},"8":{"start":{"line":21,"column":6},"end":{"line":25,"column":9}},"9":{"start":{"line":27,"column":21},"end":{"line":27,"column":44}},"10":{"start":{"line":28,"column":6},"end":{"line":30,"column":9}},"11":{"start":{"line":35,"column":4},"end":{"line":47,"column":5}},"12":{"start":{"line":36,"column":19},"end":{"line":36,"column":77}},"13":{"start":{"line":37,"column":6},"end":{"line":41,"column":9}},"14":{"start":{"line":43,"column":21},"end":{"line":43,"column":44}},"15":{"start":{"line":44,"column":6},"end":{"line":46,"column":9}},"16":{"start":{"line":50,"column":4},"end":{"line":62,"column":5}},"17":{"start":{"line":51,"column":19},"end":{"line":51,"column":56}},"18":{"start":{"line":52,"column":6},"end":{"line":56,"column":9}},"19":{"start":{"line":58,"column":21},"end":{"line":58,"column":44}},"20":{"start":{"line":59,"column":6},"end":{"line":61,"column":9}},"21":{"start":{"line":65,"column":4},"end":{"line":77,"column":5}},"22":{"start":{"line":66,"column":19},"end":{"line":66,"column":75}},"23":{"start":{"line":67,"column":6},"end":{"line":71,"column":9}},"24":{"start":{"line":73,"column":21},"end":{"line":73,"column":44}},"25":{"start":{"line":74,"column":6},"end":{"line":76,"column":77}},"26":{"start":{"line":81,"column":0},"end":{"line":81,"column":33}}},"fnMap":{"0":{"name":"(anonymous_0)","decl":{"start":{"line":3,"column":2},"end":{"line":3,"column":3}},"loc":{"start":{"line":3,"column":38},"end":{"line":17,"column":3}},"line":3},"1":{"name":"(anonymous_1)","decl":{"start":{"line":18,"column":2},"end":{"line":18,"column":3}},"loc":{"start":{"line":18,"column":40},"end":{"line":32,"column":3}},"line":18},"2":{"name":"(anonymous_2)","decl":{"start":{"line":34,"column":2},"end":{"line":34,"column":3}},"loc":{"start":{"line":34,"column":40},"end":{"line":48,"column":3}},"line":34},"3":{"name":"(anonymous_3)","decl":{"start":{"line":49,"column":2},"end":{"line":49,"column":3}},"loc":{"start":{"line":49,"column":40},"end":{"line":63,"column":3}},"line":49},"4":{"name":"(anonymous_4)","decl":{"start":{"line":64,"column":2},"end":{"line":64,"column":3}},"loc":{"start":{"line":64,"column":41},"end":{"line":78,"column":3}},"line":64}},"branchMap":{"0":{"loc":{"start":{"line":12,"column":21},"end":{"line":12,"column":44}},"type":"binary-expr","locations":[{"start":{"line":12,"column":21},"end":{"line":12,"column":37}},{"start":{"line":12,"column":41},"end":{"line":12,"column":44}}],"line":12},"1":{"loc":{"start":{"line":15,"column":25},"end":{"line":15,"column":73}},"type":"binary-expr","locations":[{"start":{"line":15,"column":25},"end":{"line":15,"column":38}},{"start":{"line":15,"column":42},"end":{"line":15,"column":73}}],"line":15},"2":{"loc":{"start":{"line":27,"column":21},"end":{"line":27,"column":44}},"type":"binary-expr","locations":[{"start":{"line":27,"column":21},"end":{"line":27,"column":37}},{"start":{"line":27,"column":41},"end":{"line":27,"column":44}}],"line":27},"3":{"loc":{"start":{"line":29,"column":17},"end":{"line":29,"column":65}},"type":"binary-expr","locations":[{"start":{"line":29,"column":17},"end":{"line":29,"column":30}},{"start":{"line":29,"column":34},"end":{"line":29,"column":65}}],"line":29},"4":{"loc":{"start":{"line":43,"column":21},"end":{"line":43,"column":44}},"type":"binary-expr","locations":[{"start":{"line":43,"column":21},"end":{"line":43,"column":37}},{"start":{"line":43,"column":41},"end":{"line":43,"column":44}}],"line":43},"5":{"loc":{"start":{"line":45,"column":17},"end":{"line":45,"column":65}},"type":"binary-expr","locations":[{"start":{"line":45,"column":17},"end":{"line":45,"column":30}},{"start":{"line":45,"column":34},"end":{"line":45,"column":65}}],"line":45},"6":{"loc":{"start":{"line":58,"column":21},"end":{"line":58,"column":44}},"type":"binary-expr","locations":[{"start":{"line":58,"column":21},"end":{"line":58,"column":37}},{"start":{"line":58,"column":41},"end":{"line":58,"column":44}}],"line":58},"7":{"loc":{"start":{"line":60,"column":17},"end":{"line":60,"column":65}},"type":"binary-expr","locations":[{"start":{"line":60,"column":17},"end":{"line":60,"column":30}},{"start":{"line":60,"column":34},"end":{"line":60,"column":65}}],"line":60},"8":{"loc":{"start":{"line":73,"column":21},"end":{"line":73,"column":44}},"type":"binary-expr","locations":[{"start":{"line":73,"column":21},"end":{"line":73,"column":37}},{"start":{"line":73,"column":41},"end":{"line":73,"column":44}}],"line":73},"9":{"loc":{"start":{"line":76,"column":25},"end":{"line":76,"column":73}},"type":"binary-expr","locations":[{"start":{"line":76,"column":25},"end":{"line":76,"column":38}},{"start":{"line":76,"column":42},"end":{"line":76,"column":73}}],"line":76}},"s":{"0":1,"1":0,"2":0,"3":0,"4":0,"5":0,"6":0,"7":0,"8":0,"9":0,"10":0,"11":0,"12":0,"13":0,"14":0,"15":0,"16":0,"17":0,"18":0,"19":0,"20":0,"21":0,"22":0,"23":0,"24":0,"25":0,"26":1},"f":{"0":0,"1":0,"2":0,"3":0,"4":0},"b":{"0":[0,0],"1":[0,0],"2":[0,0],"3":[0,0],"4":[0,0],"5":[0,0],"6":[0,0],"7":[0,0],"8":[0,0],"9":[0,0]},"_coverageSchema":"1a1c01bbd47fc00a2c39e90264f33305004495a9","hash":"41af0ba10ac00c1b3352a0c796dcbfba3168652c"}
,"E:\\BINAR_Backend JS\\challenge\\24001184-km7-afz-basicbankingsystem-ch5\\controllers\\authControllers.js": {"path":"E:\\BINAR_Backend JS\\challenge\\24001184-km7-afz-basicbankingsystem-ch5\\controllers\\authControllers.js","statementMap":{"0":{"start":{"line":1,"column":20},"end":{"line":1,"column":53}},"1":{"start":{"line":2,"column":20},"end":{"line":2,"column":56}},"2":{"start":{"line":6,"column":4},"end":{"line":6,"column":27}},"3":{"start":{"line":12,"column":4},"end":{"line":19,"column":5}},"4":{"start":{"line":13,"column":27},"end":{"line":13,"column":59}},"5":{"start":{"line":14,"column":6},"end":{"line":14,"column":48}},"6":{"start":{"line":16,"column":6},"end":{"line":18,"column":9}},"7":{"start":{"line":24,"column":4},"end":{"line":32,"column":5}},"8":{"start":{"line":25,"column":6},"end":{"line":25,"column":43}},"9":{"start":{"line":26,"column":6},"end":{"line":26,"column":61}},"10":{"start":{"line":27,"column":6},"end":{"line":27,"column":53}},"11":{"start":{"line":29,"column":6},"end":{"line":29,"column":27}},"12":{"start":{"line":30,"column":6},"end":{"line":30,"column":68}},"13":{"start":{"line":31,"column":6},"end":{"line":31,"column":44}},"14":{"start":{"line":43,"column":4},"end":{"line":57,"column":5}},"15":{"start":{"line":44,"column":34},"end":{"line":44,"column":42}},"16":{"start":{"line":46,"column":20},"end":{"line":46,"column":60}},"17":{"start":{"line":48,"column":6},"end":{"line":48,"column":32}},"18":{"start":{"line":50,"column":6},"end":{"line":50,"column":68}},"19":{"start":{"line":52,"column":6},"end":{"line":52,"column":45}},"20":{"start":{"line":53,"column":6},"end":{"line":53,"column":50}},"21":{"start":{"line":55,"column":6},"end":{"line":55,"column":71}},"22":{"start":{"line":56,"column":6},"end":{"line":56,"column":41}},"23":{"start":{"line":61,"column":4},"end":{"line":61,"column":24}},"24":{"start":{"line":65,"column":0},"end":{"line":65,"column":32}}},"fnMap":{"0":{"name":"(anonymous_0)","decl":{"start":{"line":5,"column":2},"end":{"line":5,"column":3}},"loc":{"start":{"line":5,"column":34},"end":{"line":7,"column":3}},"line":5},"1":{"name":"(anonymous_1)","decl":{"start":{"line":11,"column":2},"end":{"line":11,"column":3}},"loc":{"start":{"line":11,"column":39},"end":{"line":21,"column":3}},"line":11},"2":{"name":"(anonymous_2)","decl":{"start":{"line":23,"column":2},"end":{"line":23,"column":3}},"loc":{"start":{"line":23,"column":34},"end":{"line":33,"column":3}},"line":23},"3":{"name":"(anonymous_3)","decl":{"start":{"line":42,"column":2},"end":{"line":42,"column":3}},"loc":{"start":{"line":42,"column":31},"end":{"line":58,"column":3}},"line":42},"4":{"name":"(anonymous_4)","decl":{"start":{"line":60,"column":2},"end":{"line":60,"column":3}},"loc":{"start":{"line":60,"column":31},"end":{"line":62,"column":3}},"line":60}},"branchMap":{"0":{"loc":{"start":{"line":16,"column":17},"end":{"line":16,"column":40}},"type":"binary-expr","locations":[{"start":{"line":16,"column":17},"end":{"line":16,"column":33}},{"start":{"line":16,"column":37},"end":{"line":16,"column":40}}],"line":16},"1":{"loc":{"start":{"line":17,"column":17},"end":{"line":17,"column":65}},"type":"binary-expr","locations":[{"start":{"line":17,"column":17},"end":{"line":17,"column":30}},{"start":{"line":17,"column":34},"end":{"line":17,"column":65}}],"line":17},"2":{"loc":{"start":{"line":55,"column":25},"end":{"line":55,"column":69}},"type":"binary-expr","locations":[{"start":{"line":55,"column":25},"end":{"line":55,"column":38}},{"start":{"line":55,"column":42},"end":{"line":55,"column":69}}],"line":55}},"s":{"0":1,"1":1,"2":0,"3":0,"4":0,"5":0,"6":0,"7":0,"8":0,"9":0,"10":0,"11":0,"12":0,"13":0,"14":0,"15":0,"16":0,"17":0,"18":0,"19":0,"20":0,"21":0,"22":0,"23":0,"24":1},"f":{"0":0,"1":0,"2":0,"3":0,"4":0},"b":{"0":[0,0],"1":[0,0],"2":[0,0]},"_coverageSchema":"1a1c01bbd47fc00a2c39e90264f33305004495a9","hash":"b20b4a03bfb95b5b4f18b0a1e2ac1073316208e6"}
,"E:\\BINAR_Backend JS\\challenge\\24001184-km7-afz-basicbankingsystem-ch5\\controllers\\transaksiControllers.js": {"path":"E:\\BINAR_Backend JS\\challenge\\24001184-km7-afz-basicbankingsystem-ch5\\controllers\\transaksiControllers.js","statementMap":{"0":{"start":{"line":1,"column":18},"end":{"line":1,"column":56}},"1":{"start":{"line":4,"column":4},"end":{"line":16,"column":5}},"2":{"start":{"line":5,"column":19},"end":{"line":5,"column":43}},"3":{"start":{"line":6,"column":6},"end":{"line":10,"column":9}},"4":{"start":{"line":12,"column":21},"end":{"line":12,"column":44}},"5":{"start":{"line":13,"column":6},"end":{"line":15,"column":9}},"6":{"start":{"line":20,"column":4},"end":{"line":32,"column":5}},"7":{"start":{"line":21,"column":19},"end":{"line":21,"column":68}},"8":{"start":{"line":22,"column":6},"end":{"line":26,"column":9}},"9":{"start":{"line":28,"column":21},"end":{"line":28,"column":44}},"10":{"start":{"line":29,"column":6},"end":{"line":31,"column":9}},"11":{"start":{"line":35,"column":62},"end":{"line":35,"column":70}},"12":{"start":{"line":37,"column":4},"end":{"line":53,"column":5}},"13":{"start":{"line":38,"column":26},"end":{"line":42,"column":7}},"14":{"start":{"line":43,"column":6},"end":{"line":47,"column":9}},"15":{"start":{"line":49,"column":21},"end":{"line":49,"column":44}},"16":{"start":{"line":50,"column":6},"end":{"line":52,"column":9}},"17":{"start":{"line":56,"column":4},"end":{"line":68,"column":5}},"18":{"start":{"line":57,"column":19},"end":{"line":57,"column":76}},"19":{"start":{"line":58,"column":6},"end":{"line":62,"column":9}},"20":{"start":{"line":64,"column":21},"end":{"line":64,"column":44}},"21":{"start":{"line":65,"column":6},"end":{"line":67,"column":9}},"22":{"start":{"line":71,"column":0},"end":{"line":71,"column":38}}},"fnMap":{"0":{"name":"(anonymous_0)","decl":{"start":{"line":3,"column":2},"end":{"line":3,"column":3}},"loc":{"start":{"line":3,"column":39},"end":{"line":17,"column":3}},"line":3},"1":{"name":"(anonymous_1)","decl":{"start":{"line":19,"column":2},"end":{"line":19,"column":3}},"loc":{"start":{"line":19,"column":41},"end":{"line":33,"column":3}},"line":19},"2":{"name":"(anonymous_2)","decl":{"start":{"line":34,"column":2},"end":{"line":34,"column":3}},"loc":{"start":{"line":34,"column":41},"end":{"line":54,"column":3}},"line":34},"3":{"name":"(anonymous_3)","decl":{"start":{"line":55,"column":2},"end":{"line":55,"column":3}},"loc":{"start":{"line":55,"column":42},"end":{"line":69,"column":3}},"line":55}},"branchMap":{"0":{"loc":{"start":{"line":12,"column":21},"end":{"line":12,"column":44}},"type":"binary-expr","locations":[{"start":{"line":12,"column":21},"end":{"line":12,"column":37}},{"start":{"line":12,"column":41},"end":{"line":12,"column":44}}],"line":12},"1":{"loc":{"start":{"line":14,"column":17},"end":{"line":14,"column":65}},"type":"binary-expr","locations":[{"start":{"line":14,"column":17},"end":{"line":14,"column":30}},{"start":{"line":14,"column":34},"end":{"line":14,"column":65}}],"line":14},"2":{"loc":{"start":{"line":28,"column":21},"end":{"line":28,"column":44}},"type":"binary-expr","locations":[{"start":{"line":28,"column":21},"end":{"line":28,"column":37}},{"start":{"line":28,"column":41},"end":{"line":28,"column":44}}],"line":28},"3":{"loc":{"start":{"line":30,"column":17},"end":{"line":30,"column":65}},"type":"binary-expr","locations":[{"start":{"line":30,"column":17},"end":{"line":30,"column":30}},{"start":{"line":30,"column":34},"end":{"line":30,"column":65}}],"line":30},"4":{"loc":{"start":{"line":49,"column":21},"end":{"line":49,"column":44}},"type":"binary-expr","locations":[{"start":{"line":49,"column":21},"end":{"line":49,"column":37}},{"start":{"line":49,"column":41},"end":{"line":49,"column":44}}],"line":49},"5":{"loc":{"start":{"line":51,"column":17},"end":{"line":51,"column":65}},"type":"binary-expr","locations":[{"start":{"line":51,"column":17},"end":{"line":51,"column":30}},{"start":{"line":51,"column":34},"end":{"line":51,"column":65}}],"line":51},"6":{"loc":{"start":{"line":64,"column":21},"end":{"line":64,"column":44}},"type":"binary-expr","locations":[{"start":{"line":64,"column":21},"end":{"line":64,"column":37}},{"start":{"line":64,"column":41},"end":{"line":64,"column":44}}],"line":64},"7":{"loc":{"start":{"line":66,"column":17},"end":{"line":66,"column":65}},"type":"binary-expr","locations":[{"start":{"line":66,"column":17},"end":{"line":66,"column":30}},{"start":{"line":66,"column":34},"end":{"line":66,"column":65}}],"line":66}},"s":{"0":1,"1":2,"2":2,"3":1,"4":1,"5":1,"6":2,"7":2,"8":1,"9":1,"10":1,"11":3,"12":3,"13":3,"14":1,"15":2,"16":2,"17":2,"18":2,"19":1,"20":1,"21":1,"22":1},"f":{"0":2,"1":2,"2":3,"3":2},"b":{"0":[1,0],"1":[1,0],"2":[1,0],"3":[1,0],"4":[2,0],"5":[2,0],"6":[1,0],"7":[1,0]},"_coverageSchema":"1a1c01bbd47fc00a2c39e90264f33305004495a9","hash":"cee28446b099928de769b13936675269ce43d08e"}
,"E:\\BINAR_Backend JS\\challenge\\24001184-km7-afz-basicbankingsystem-ch5\\controllers\\usersControllers.js": {"path":"E:\\BINAR_Backend JS\\challenge\\24001184-km7-afz-basicbankingsystem-ch5\\controllers\\usersControllers.js","statementMap":{"0":{"start":{"line":1,"column":20},"end":{"line":1,"column":54}},"1":{"start":{"line":4,"column":4},"end":{"line":16,"column":5}},"2":{"start":{"line":5,"column":19},"end":{"line":5,"column":50}},"3":{"start":{"line":6,"column":6},"end":{"line":10,"column":9}},"4":{"start":{"line":12,"column":21},"end":{"line":12,"column":44}},"5":{"start":{"line":13,"column":6},"end":{"line":15,"column":9}},"6":{"start":{"line":19,"column":4},"end":{"line":31,"column":5}},"7":{"start":{"line":20,"column":19},"end":{"line":20,"column":64}},"8":{"start":{"line":21,"column":6},"end":{"line":25,"column":9}},"9":{"start":{"line":27,"column":21},"end":{"line":27,"column":44}},"10":{"start":{"line":28,"column":6},"end":{"line":30,"column":9}},"11":{"start":{"line":34,"column":4},"end":{"line":46,"column":5}},"12":{"start":{"line":35,"column":19},"end":{"line":35,"column":64}},"13":{"start":{"line":36,"column":6},"end":{"line":40,"column":9}},"14":{"start":{"line":42,"column":21},"end":{"line":42,"column":44}},"15":{"start":{"line":43,"column":6},"end":{"line":45,"column":9}},"16":{"start":{"line":49,"column":4},"end":{"line":49,"column":43}},"17":{"start":{"line":50,"column":4},"end":{"line":66,"column":5}},"18":{"start":{"line":51,"column":19},"end":{"line":55,"column":7}},"19":{"start":{"line":56,"column":6},"end":{"line":60,"column":9}},"20":{"start":{"line":62,"column":21},"end":{"line":62,"column":44}},"21":{"start":{"line":63,"column":6},"end":{"line":65,"column":9}},"22":{"start":{"line":69,"column":4},"end":{"line":79,"column":5}},"23":{"start":{"line":70,"column":19},"end":{"line":70,"column":67}},"24":{"start":{"line":71,"column":6},"end":{"line":73,"column":77}},"25":{"start":{"line":75,"column":21},"end":{"line":75,"column":44}},"26":{"start":{"line":76,"column":6},"end":{"line":78,"column":9}},"27":{"start":{"line":83,"column":0},"end":{"line":83,"column":33}}},"fnMap":{"0":{"name":"(anonymous_0)","decl":{"start":{"line":3,"column":2},"end":{"line":3,"column":3}},"loc":{"start":{"line":3,"column":35},"end":{"line":17,"column":3}},"line":3},"1":{"name":"(anonymous_1)","decl":{"start":{"line":18,"column":2},"end":{"line":18,"column":3}},"loc":{"start":{"line":18,"column":37},"end":{"line":32,"column":3}},"line":18},"2":{"name":"(anonymous_2)","decl":{"start":{"line":33,"column":2},"end":{"line":33,"column":3}},"loc":{"start":{"line":33,"column":37},"end":{"line":47,"column":3}},"line":33},"3":{"name":"(anonymous_3)","decl":{"start":{"line":48,"column":2},"end":{"line":48,"column":3}},"loc":{"start":{"line":48,"column":37},"end":{"line":67,"column":3}},"line":48},"4":{"name":"(anonymous_4)","decl":{"start":{"line":68,"column":2},"end":{"line":68,"column":3}},"loc":{"start":{"line":68,"column":38},"end":{"line":80,"column":3}},"line":68}},"branchMap":{"0":{"loc":{"start":{"line":12,"column":21},"end":{"line":12,"column":44}},"type":"binary-expr","locations":[{"start":{"line":12,"column":21},"end":{"line":12,"column":37}},{"start":{"line":12,"column":41},"end":{"line":12,"column":44}}],"line":12},"1":{"loc":{"start":{"line":14,"column":17},"end":{"line":14,"column":65}},"type":"binary-expr","locations":[{"start":{"line":14,"column":17},"end":{"line":14,"column":30}},{"start":{"line":14,"column":34},"end":{"line":14,"column":65}}],"line":14},"2":{"loc":{"start":{"line":27,"column":21},"end":{"line":27,"column":44}},"type":"binary-expr","locations":[{"start":{"line":27,"column":21},"end":{"line":27,"column":37}},{"start":{"line":27,"column":41},"end":{"line":27,"column":44}}],"line":27},"3":{"loc":{"start":{"line":29,"column":17},"end":{"line":29,"column":65}},"type":"binary-expr","locations":[{"start":{"line":29,"column":17},"end":{"line":29,"column":30}},{"start":{"line":29,"column":34},"end":{"line":29,"column":65}}],"line":29},"4":{"loc":{"start":{"line":42,"column":21},"end":{"line":42,"column":44}},"type":"binary-expr","locations":[{"start":{"line":42,"column":21},"end":{"line":42,"column":37}},{"start":{"line":42,"column":41},"end":{"line":42,"column":44}}],"line":42},"5":{"loc":{"start":{"line":44,"column":17},"end":{"line":44,"column":65}},"type":"binary-expr","locations":[{"start":{"line":44,"column":17},"end":{"line":44,"column":30}},{"start":{"line":44,"column":34},"end":{"line":44,"column":65}}],"line":44},"6":{"loc":{"start":{"line":62,"column":21},"end":{"line":62,"column":44}},"type":"binary-expr","locations":[{"start":{"line":62,"column":21},"end":{"line":62,"column":37}},{"start":{"line":62,"column":41},"end":{"line":62,"column":44}}],"line":62},"7":{"loc":{"start":{"line":64,"column":17},"end":{"line":64,"column":65}},"type":"binary-expr","locations":[{"start":{"line":64,"column":17},"end":{"line":64,"column":30}},{"start":{"line":64,"column":34},"end":{"line":64,"column":65}}],"line":64},"8":{"loc":{"start":{"line":75,"column":21},"end":{"line":75,"column":44}},"type":"binary-expr","locations":[{"start":{"line":75,"column":21},"end":{"line":75,"column":37}},{"start":{"line":75,"column":41},"end":{"line":75,"column":44}}],"line":75},"9":{"loc":{"start":{"line":77,"column":17},"end":{"line":77,"column":65}},"type":"binary-expr","locations":[{"start":{"line":77,"column":17},"end":{"line":77,"column":30}},{"start":{"line":77,"column":34},"end":{"line":77,"column":65}}],"line":77}},"s":{"0":1,"1":0,"2":0,"3":0,"4":0,"5":0,"6":0,"7":0,"8":0,"9":0,"10":0,"11":0,"12":0,"13":0,"14":0,"15":0,"16":0,"17":0,"18":0,"19":0,"20":0,"21":0,"22":0,"23":0,"24":0,"25":0,"26":0,"27":1},"f":{"0":0,"1":0,"2":0,"3":0,"4":0},"b":{"0":[0,0],"1":[0,0],"2":[0,0],"3":[0,0],"4":[0,0],"5":[0,0],"6":[0,0],"7":[0,0],"8":[0,0],"9":[0,0]},"_coverageSchema":"1a1c01bbd47fc00a2c39e90264f33305004495a9","hash":"09deaf271d84d3d9d0f8a86611e499a38b499685"}
,"E:\\BINAR_Backend JS\\challenge\\24001184-km7-afz-basicbankingsystem-ch5\\middlewares\\authMiddleware.js": {"path":"E:\\BINAR_Backend JS\\challenge\\24001184-km7-afz-basicbankingsystem-ch5\\middlewares\\authMiddleware.js","statementMap":{"0":{"start":{"line":16,"column":12},"end":{"line":16,"column":35}},"1":{"start":{"line":19,"column":21},"end":{"line":19,"column":49}},"2":{"start":{"line":20,"column":16},"end":{"line":20,"column":73}},"3":{"start":{"line":22,"column":2},"end":{"line":25,"column":3}},"4":{"start":{"line":23,"column":4},"end":{"line":23,"column":65}},"5":{"start":{"line":24,"column":4},"end":{"line":24,"column":39}},"6":{"start":{"line":27,"column":2},"end":{"line":34,"column":5}},"7":{"start":{"line":28,"column":4},"end":{"line":31,"column":5}},"8":{"start":{"line":29,"column":6},"end":{"line":29,"column":45}},"9":{"start":{"line":30,"column":6},"end":{"line":30,"column":41}},"10":{"start":{"line":32,"column":4},"end":{"line":32,"column":20}},"11":{"start":{"line":33,"column":4},"end":{"line":33,"column":11}},"12":{"start":{"line":37,"column":0},"end":{"line":37,"column":35}},"13":{"start":{"line":39,"column":0},"end":{"line":39,"column":35}}},"fnMap":{"0":{"name":"authenticateToken","decl":{"start":{"line":18,"column":9},"end":{"line":18,"column":26}},"loc":{"start":{"line":18,"column":43},"end":{"line":35,"column":1}},"line":18},"1":{"name":"(anonymous_1)","decl":{"start":{"line":27,"column":44},"end":{"line":27,"column":45}},"loc":{"start":{"line":27,"column":59},"end":{"line":34,"column":3}},"line":27}},"branchMap":{"0":{"loc":{"start":{"line":20,"column":16},"end":{"line":20,"column":73}},"type":"cond-expr","locations":[{"start":{"line":20,"column":29},"end":{"line":20,"column":53}},{"start":{"line":20,"column":56},"end":{"line":20,"column":73}}],"line":20},"1":{"loc":{"start":{"line":22,"column":2},"end":{"line":25,"column":3}},"type":"if","locations":[{"start":{"line":22,"column":2},"end":{"line":25,"column":3}},{"start":{},"end":{}}],"line":22},"2":{"loc":{"start":{"line":28,"column":4},"end":{"line":31,"column":5}},"type":"if","locations":[{"start":{"line":28,"column":4},"end":{"line":31,"column":5}},{"start":{},"end":{}}],"line":28}},"s":{"0":1,"1":0,"2":0,"3":0,"4":0,"5":0,"6":0,"7":0,"8":0,"9":0,"10":0,"11":0,"12":1,"13":1},"f":{"0":0,"1":0},"b":{"0":[0,0],"1":[0,0],"2":[0,0]},"_coverageSchema":"1a1c01bbd47fc00a2c39e90264f33305004495a9","hash":"c50e12524102b22b774b981f78b9af02fc265210"}
,"E:\\BINAR_Backend JS\\challenge\\24001184-km7-afz-basicbankingsystem-ch5\\models\\akunModels.js": {"path":"E:\\BINAR_Backend JS\\challenge\\24001184-km7-afz-basicbankingsystem-ch5\\models\\akunModels.js","statementMap":{"0":{"start":{"line":1,"column":15},"end":{"line":1,"column":42}},"1":{"start":{"line":4,"column":4},"end":{"line":4,"column":47}},"2":{"start":{"line":7,"column":4},"end":{"line":9,"column":7}},"3":{"start":{"line":12,"column":4},"end":{"line":19,"column":7}},"4":{"start":{"line":22,"column":4},"end":{"line":30,"column":7}},"5":{"start":{"line":34,"column":4},"end":{"line":36,"column":7}},"6":{"start":{"line":39,"column":0},"end":{"line":39,"column":22}}},"fnMap":{"0":{"name":"(anonymous_0)","decl":{"start":{"line":3,"column":2},"end":{"line":3,"column":3}},"loc":{"start":{"line":3,"column":25},"end":{"line":5,"column":3}},"line":3},"1":{"name":"(anonymous_1)","decl":{"start":{"line":6,"column":2},"end":{"line":6,"column":3}},"loc":{"start":{"line":6,"column":37},"end":{"line":10,"column":3}},"line":6},"2":{"name":"(anonymous_2)","decl":{"start":{"line":11,"column":2},"end":{"line":11,"column":3}},"loc":{"start":{"line":11,"column":30},"end":{"line":20,"column":3}},"line":11},"3":{"name":"(anonymous_3)","decl":{"start":{"line":21,"column":2},"end":{"line":21,"column":3}},"loc":{"start":{"line":21,"column":41},"end":{"line":31,"column":3}},"line":21},"4":{"name":"(anonymous_4)","decl":{"start":{"line":33,"column":2},"end":{"line":33,"column":3}},"loc":{"start":{"line":33,"column":38},"end":{"line":37,"column":3}},"line":33}},"branchMap":{},"s":{"0":1,"1":0,"2":0,"3":0,"4":0,"5":0,"6":1},"f":{"0":0,"1":0,"2":0,"3":0,"4":0},"b":{},"_coverageSchema":"1a1c01bbd47fc00a2c39e90264f33305004495a9","hash":"f06f84e305794f78fec24dda2b19dc54dbb6c1fb"}
,"E:\\BINAR_Backend JS\\challenge\\24001184-km7-afz-basicbankingsystem-ch5\\models\\transaksiModels.js": {"path":"E:\\BINAR_Backend JS\\challenge\\24001184-km7-afz-basicbankingsystem-ch5\\models\\transaksiModels.js","statementMap":{"0":{"start":{"line":1,"column":15},"end":{"line":1,"column":42}},"1":{"start":{"line":5,"column":4},"end":{"line":10,"column":7}},"2":{"start":{"line":13,"column":4},"end":{"line":19,"column":7}},"3":{"start":{"line":22,"column":24},"end":{"line":43,"column":6}},"4":{"start":{"line":24,"column":6},"end":{"line":27,"column":9}},"5":{"start":{"line":30,"column":6},"end":{"line":33,"column":9}},"6":{"start":{"line":36,"column":6},"end":{"line":42,"column":9}},"7":{"start":{"line":45,"column":4},"end":{"line":45,"column":23}},"8":{"start":{"line":49,"column":4},"end":{"line":55,"column":7}},"9":{"start":{"line":59,"column":0},"end":{"line":59,"column":27}}},"fnMap":{"0":{"name":"(anonymous_0)","decl":{"start":{"line":4,"column":2},"end":{"line":4,"column":3}},"loc":{"start":{"line":4,"column":30},"end":{"line":11,"column":3}},"line":4},"1":{"name":"(anonymous_1)","decl":{"start":{"line":12,"column":2},"end":{"line":12,"column":3}},"loc":{"start":{"line":12,"column":45},"end":{"line":20,"column":3}},"line":12},"2":{"name":"(anonymous_2)","decl":{"start":{"line":21,"column":2},"end":{"line":21,"column":3}},"loc":{"start":{"line":21,"column":78},"end":{"line":46,"column":3}},"line":21},"3":{"name":"(anonymous_3)","decl":{"start":{"line":22,"column":50},"end":{"line":22,"column":51}},"loc":{"start":{"line":22,"column":68},"end":{"line":43,"column":5}},"line":22},"4":{"name":"(anonymous_4)","decl":{"start":{"line":48,"column":2},"end":{"line":48,"column":3}},"loc":{"start":{"line":48,"column":46},"end":{"line":56,"column":3}},"line":48}},"branchMap":{},"s":{"0":1,"1":2,"2":2,"3":1,"4":1,"5":1,"6":1,"7":1,"8":2,"9":1},"f":{"0":2,"1":2,"2":1,"3":1,"4":2},"b":{},"_coverageSchema":"1a1c01bbd47fc00a2c39e90264f33305004495a9","hash":"4b1c541b0f3ae9234c3fde13663b83450d8c51c4"}
,"E:\\BINAR_Backend JS\\challenge\\24001184-km7-afz-basicbankingsystem-ch5\\models\\usersModels.js": {"path":"E:\\BINAR_Backend JS\\challenge\\24001184-km7-afz-basicbankingsystem-ch5\\models\\usersModels.js","statementMap":{"0":{"start":{"line":1,"column":15},"end":{"line":1,"column":42}},"1":{"start":{"line":4,"column":4},"end":{"line":4,"column":40}},"2":{"start":{"line":7,"column":4},"end":{"line":7,"column":69}},"3":{"start":{"line":10,"column":4},"end":{"line":13,"column":7}},"4":{"start":{"line":16,"column":4},"end":{"line":32,"column":7}},"5":{"start":{"line":36,"column":4},"end":{"line":53,"column":7}},"6":{"start":{"line":56,"column":4},"end":{"line":59,"column":7}},"7":{"start":{"line":63,"column":0},"end":{"line":63,"column":23}}},"fnMap":{"0":{"name":"(anonymous_0)","decl":{"start":{"line":3,"column":2},"end":{"line":3,"column":3}},"loc":{"start":{"line":3,"column":26},"end":{"line":5,"column":3}},"line":3},"1":{"name":"(anonymous_1)","decl":{"start":{"line":6,"column":2},"end":{"line":6,"column":3}},"loc":{"start":{"line":6,"column":38},"end":{"line":8,"column":3}},"line":6},"2":{"name":"(anonymous_2)","decl":{"start":{"line":9,"column":2},"end":{"line":9,"column":3}},"loc":{"start":{"line":9,"column":35},"end":{"line":14,"column":3}},"line":9},"3":{"name":"(anonymous_3)","decl":{"start":{"line":15,"column":2},"end":{"line":15,"column":3}},"loc":{"start":{"line":15,"column":31},"end":{"line":33,"column":3}},"line":15},"4":{"name":"(anonymous_4)","decl":{"start":{"line":35,"column":2},"end":{"line":35,"column":3}},"loc":{"start":{"line":35,"column":39},"end":{"line":54,"column":3}},"line":35},"5":{"name":"(anonymous_5)","decl":{"start":{"line":55,"column":2},"end":{"line":55,"column":3}},"loc":{"start":{"line":55,"column":36},"end":{"line":60,"column":3}},"line":55}},"branchMap":{},"s":{"0":1,"1":0,"2":0,"3":0,"4":0,"5":0,"6":0,"7":1},"f":{"0":0,"1":0,"2":0,"3":0,"4":0,"5":0},"b":{},"_coverageSchema":"1a1c01bbd47fc00a2c39e90264f33305004495a9","hash":"62f9ad8f88a2f342ff0e3f78008b94c069ba19e9"}
,"E:\\BINAR_Backend JS\\challenge\\24001184-km7-afz-basicbankingsystem-ch5\\prisma\\client.js": {"path":"E:\\BINAR_Backend JS\\challenge\\24001184-km7-afz-basicbankingsystem-ch5\\prisma\\client.js","statementMap":{"0":{"start":{"line":1,"column":25},"end":{"line":1,"column":50}},"1":{"start":{"line":2,"column":15},"end":{"line":2,"column":33}},"2":{"start":{"line":4,"column":0},"end":{"line":4,"column":24}}},"fnMap":{},"branchMap":{},"s":{"0":1,"1":1,"2":1},"f":{},"b":{},"_coverageSchema":"1a1c01bbd47fc00a2c39e90264f33305004495a9","hash":"b345d93e9d874b2266ea2ecf3067c054d4f68e7e"}
,"E:\\BINAR_Backend JS\\challenge\\24001184-km7-afz-basicbankingsystem-ch5\\routes\\routesAkun.js": {"path":"E:\\BINAR_Backend JS\\challenge\\24001184-km7-afz-basicbankingsystem-ch5\\routes\\routesAkun.js","statementMap":{"0":{"start":{"line":1,"column":16},"end":{"line":1,"column":34}},"1":{"start":{"line":2,"column":15},"end":{"line":2,"column":31}},"2":{"start":{"line":3,"column":13},"end":{"line":3,"column":53}},"3":{"start":{"line":6,"column":0},"end":{"line":6,"column":43}},"4":{"start":{"line":7,"column":0},"end":{"line":7,"column":57}},"5":{"start":{"line":8,"column":0},"end":{"line":8,"column":46}},"6":{"start":{"line":9,"column":0},"end":{"line":9,"column":57}},"7":{"start":{"line":10,"column":0},"end":{"line":10,"column":61}},"8":{"start":{"line":12,"column":0},"end":{"line":12,"column":24}}},"fnMap":{},"branchMap":{},"s":{"0":1,"1":1,"2":1,"3":1,"4":1,"5":1,"6":1,"7":1,"8":1},"f":{},"b":{},"_coverageSchema":"1a1c01bbd47fc00a2c39e90264f33305004495a9","hash":"928a40ed18afd339cb21b7e978d654dbfd15561e"}
,"E:\\BINAR_Backend JS\\challenge\\24001184-km7-afz-basicbankingsystem-ch5\\routes\\routesAuth.js": {"path":"E:\\BINAR_Backend JS\\challenge\\24001184-km7-afz-basicbankingsystem-ch5\\routes\\routesAuth.js","statementMap":{"0":{"start":{"line":1,"column":16},"end":{"line":1,"column":34}},"1":{"start":{"line":2,"column":15},"end":{"line":2,"column":31}},"2":{"start":{"line":3,"column":23},"end":{"line":3,"column":64}},"3":{"start":{"line":4,"column":26},"end":{"line":4,"column":66}},"4":{"start":{"line":7,"column":0},"end":{"line":7,"column":55}},"5":{"start":{"line":8,"column":0},"end":{"line":8,"column":50}},"6":{"start":{"line":11,"column":0},"end":{"line":11,"column":49}},"7":{"start":{"line":12,"column":0},"end":{"line":12,"column":44}},"8":{"start":{"line":15,"column":0},"end":{"line":15,"column":79}},"9":{"start":{"line":17,"column":0},"end":{"line":17,"column":24}}},"fnMap":{},"branchMap":{},"s":{"0":1,"1":1,"2":1,"3":1,"4":1,"5":1,"6":1,"7":1,"8":1,"9":1},"f":{},"b":{},"_coverageSchema":"1a1c01bbd47fc00a2c39e90264f33305004495a9","hash":"fab0920ccfef0a78524e828b5718867d318d0044"}
,"E:\\BINAR_Backend JS\\challenge\\24001184-km7-afz-basicbankingsystem-ch5\\routes\\routesTransaksi.js": {"path":"E:\\BINAR_Backend JS\\challenge\\24001184-km7-afz-basicbankingsystem-ch5\\routes\\routesTransaksi.js","statementMap":{"0":{"start":{"line":1,"column":16},"end":{"line":1,"column":34}},"1":{"start":{"line":2,"column":15},"end":{"line":2,"column":31}},"2":{"start":{"line":3,"column":18},"end":{"line":3,"column":64}},"3":{"start":{"line":6,"column":0},"end":{"line":6,"column":53}},"4":{"start":{"line":7,"column":0},"end":{"line":7,"column":70}},"5":{"start":{"line":8,"column":0},"end":{"line":8,"column":57}},"6":{"start":{"line":9,"column":0},"end":{"line":9,"column":74}},"7":{"start":{"line":11,"column":0},"end":{"line":11,"column":24}}},"fnMap":{},"branchMap":{},"s":{"0":1,"1":1,"2":1,"3":1,"4":1,"5":1,"6":1,"7":1},"f":{},"b":{},"_coverageSchema":"1a1c01bbd47fc00a2c39e90264f33305004495a9","hash":"98d7523a21a375283052573cc43a70ee355b9ee2"}
,"E:\\BINAR_Backend JS\\challenge\\24001184-km7-afz-basicbankingsystem-ch5\\routes\\routesUser.js": {"path":"E:\\BINAR_Backend JS\\challenge\\24001184-km7-afz-basicbankingsystem-ch5\\routes\\routesUser.js","statementMap":{"0":{"start":{"line":1,"column":16},"end":{"line":1,"column":34}},"1":{"start":{"line":2,"column":15},"end":{"line":2,"column":31}},"2":{"start":{"line":3,"column":14},"end":{"line":3,"column":56}},"3":{"start":{"line":22,"column":0},"end":{"line":22,"column":38}},"4":{"start":{"line":70,"column":0},"end":{"line":70,"column":49}},"5":{"start":{"line":146,"column":0},"end":{"line":146,"column":41}},"6":{"start":{"line":244,"column":0},"end":{"line":244,"column":49}},"7":{"start":{"line":311,"column":0},"end":{"line":311,"column":53}},"8":{"start":{"line":313,"column":0},"end":{"line":313,"column":24}}},"fnMap":{},"branchMap":{},"s":{"0":1,"1":1,"2":1,"3":1,"4":1,"5":1,"6":1,"7":1,"8":1},"f":{},"b":{},"_coverageSchema":"1a1c01bbd47fc00a2c39e90264f33305004495a9","hash":"b9f9990b9980be832f256d97712e3ae134cd896c"}
,"E:\\BINAR_Backend JS\\challenge\\24001184-km7-afz-basicbankingsystem-ch5\\services\\akunServis.js": {"path":"E:\\BINAR_Backend JS\\challenge\\24001184-km7-afz-basicbankingsystem-ch5\\services\\akunServis.js","statementMap":{"0":{"start":{"line":1,"column":19},"end":{"line":1,"column":50}},"1":{"start":{"line":5,"column":17},"end":{"line":5,"column":43}},"2":{"start":{"line":6,"column":4},"end":{"line":10,"column":5}},"3":{"start":{"line":7,"column":20},"end":{"line":7,"column":50}},"4":{"start":{"line":8,"column":6},"end":{"line":8,"column":29}},"5":{"start":{"line":9,"column":6},"end":{"line":9,"column":18}},"6":{"start":{"line":11,"column":4},"end":{"line":11,"column":16}},"7":{"start":{"line":14,"column":17},"end":{"line":14,"column":55}},"8":{"start":{"line":15,"column":4},"end":{"line":19,"column":5}},"9":{"start":{"line":16,"column":20},"end":{"line":16,"column":50}},"10":{"start":{"line":17,"column":6},"end":{"line":17,"column":29}},"11":{"start":{"line":18,"column":6},"end":{"line":18,"column":18}},"12":{"start":{"line":20,"column":4},"end":{"line":20,"column":16}},"13":{"start":{"line":23,"column":4},"end":{"line":49,"column":5}},"14":{"start":{"line":29,"column":6},"end":{"line":38,"column":7}},"15":{"start":{"line":35,"column":22},"end":{"line":35,"column":63}},"16":{"start":{"line":36,"column":8},"end":{"line":36,"column":31}},"17":{"start":{"line":37,"column":8},"end":{"line":37,"column":20}},"18":{"start":{"line":39,"column":21},"end":{"line":39,"column":23}},"19":{"start":{"line":40,"column":6},"end":{"line":40,"column":52}},"20":{"start":{"line":40,"column":27},"end":{"line":40,"column":52}},"21":{"start":{"line":41,"column":6},"end":{"line":41,"column":72}},"22":{"start":{"line":41,"column":37},"end":{"line":41,"column":72}},"23":{"start":{"line":42,"column":6},"end":{"line":42,"column":48}},"24":{"start":{"line":42,"column":25},"end":{"line":42,"column":48}},"25":{"start":{"line":43,"column":6},"end":{"line":43,"column":46}},"26":{"start":{"line":43,"column":24},"end":{"line":43,"column":46}},"27":{"start":{"line":44,"column":6},"end":{"line":48,"column":7}},"28":{"start":{"line":45,"column":22},"end":{"line":45,"column":79}},"29":{"start":{"line":46,"column":8},"end":{"line":46,"column":31}},"30":{"start":{"line":47,"column":8},"end":{"line":47,"column":20}},"31":{"start":{"line":50,"column":4},"end":{"line":50,"column":43}},"32":{"start":{"line":53,"column":18},"end":{"line":53,"column":56}},"33":{"start":{"line":54,"column":4},"end":{"line":58,"column":5}},"34":{"start":{"line":55,"column":20},"end":{"line":55,"column":67}},"35":{"start":{"line":56,"column":6},"end":{"line":56,"column":29}},"36":{"start":{"line":57,"column":6},"end":{"line":57,"column":18}},"37":{"start":{"line":59,"column":4},"end":{"line":85,"column":5}},"38":{"start":{"line":65,"column":6},"end":{"line":74,"column":7}},"39":{"start":{"line":71,"column":22},"end":{"line":71,"column":63}},"40":{"start":{"line":72,"column":8},"end":{"line":72,"column":31}},"41":{"start":{"line":73,"column":8},"end":{"line":73,"column":20}},"42":{"start":{"line":75,"column":21},"end":{"line":75,"column":23}},"43":{"start":{"line":76,"column":6},"end":{"line":76,"column":52}},"44":{"start":{"line":76,"column":27},"end":{"line":76,"column":52}},"45":{"start":{"line":77,"column":6},"end":{"line":77,"column":67}},"46":{"start":{"line":77,"column":37},"end":{"line":77,"column":67}},"47":{"start":{"line":78,"column":6},"end":{"line":78,"column":46}},"48":{"start":{"line":78,"column":25},"end":{"line":78,"column":46}},"49":{"start":{"line":79,"column":6},"end":{"line":79,"column":47}},"50":{"start":{"line":79,"column":24},"end":{"line":79,"column":47}},"51":{"start":{"line":80,"column":6},"end":{"line":84,"column":7}},"52":{"start":{"line":81,"column":22},"end":{"line":81,"column":79}},"53":{"start":{"line":82,"column":8},"end":{"line":82,"column":31}},"54":{"start":{"line":83,"column":8},"end":{"line":83,"column":20}},"55":{"start":{"line":86,"column":4},"end":{"line":86,"column":54}},"56":{"start":{"line":89,"column":4},"end":{"line":99,"column":5}},"57":{"start":{"line":90,"column":19},"end":{"line":90,"column":58}},"58":{"start":{"line":91,"column":6},"end":{"line":91,"column":18}},"59":{"start":{"line":93,"column":6},"end":{"line":97,"column":7}},"60":{"start":{"line":94,"column":30},"end":{"line":94,"column":62}},"61":{"start":{"line":95,"column":8},"end":{"line":95,"column":39}},"62":{"start":{"line":96,"column":8},"end":{"line":96,"column":28}},"63":{"start":{"line":98,"column":6},"end":{"line":98,"column":18}},"64":{"start":{"line":103,"column":0},"end":{"line":103,"column":28}}},"fnMap":{"0":{"name":"(anonymous_0)","decl":{"start":{"line":4,"column":2},"end":{"line":4,"column":3}},"loc":{"start":{"line":4,"column":28},"end":{"line":12,"column":3}},"line":4},"1":{"name":"(anonymous_1)","decl":{"start":{"line":13,"column":2},"end":{"line":13,"column":3}},"loc":{"start":{"line":13,"column":35},"end":{"line":21,"column":3}},"line":13},"2":{"name":"(anonymous_2)","decl":{"start":{"line":22,"column":2},"end":{"line":22,"column":3}},"loc":{"start":{"line":22,"column":32},"end":{"line":51,"column":3}},"line":22},"3":{"name":"(anonymous_3)","decl":{"start":{"line":52,"column":2},"end":{"line":52,"column":3}},"loc":{"start":{"line":52,"column":42},"end":{"line":87,"column":3}},"line":52},"4":{"name":"(anonymous_4)","decl":{"start":{"line":88,"column":2},"end":{"line":88,"column":3}},"loc":{"start":{"line":88,"column":44},"end":{"line":100,"column":3}},"line":88}},"branchMap":{"0":{"loc":{"start":{"line":6,"column":4},"end":{"line":10,"column":5}},"type":"if","locations":[{"start":{"line":6,"column":4},"end":{"line":10,"column":5}},{"start":{},"end":{}}],"line":6},"1":{"loc":{"start":{"line":6,"column":8},"end":{"line":6,"column":34}},"type":"binary-expr","locations":[{"start":{"line":6,"column":8},"end":{"line":6,"column":13}},{"start":{"line":6,"column":17},"end":{"line":6,"column":34}}],"line":6},"2":{"loc":{"start":{"line":15,"column":4},"end":{"line":19,"column":5}},"type":"if","locations":[{"start":{"line":15,"column":4},"end":{"line":19,"column":5}},{"start":{},"end":{}}],"line":15},"3":{"loc":{"start":{"line":15,"column":8},"end":{"line":15,"column":34}},"type":"binary-expr","locations":[{"start":{"line":15,"column":8},"end":{"line":15,"column":13}},{"start":{"line":15,"column":17},"end":{"line":15,"column":34}}],"line":15},"4":{"loc":{"start":{"line":23,"column":4},"end":{"line":49,"column":5}},"type":"if","locations":[{"start":{"line":23,"column":4},"end":{"line":49,"column":5}},{"start":{},"end":{}}],"line":23},"5":{"loc":{"start":{"line":24,"column":6},"end":{"line":27,"column":18}},"type":"binary-expr","locations":[{"start":{"line":24,"column":6},"end":{"line":24,"column":21}},{"start":{"line":25,"column":6},"end":{"line":25,"column":31}},{"start":{"line":26,"column":6},"end":{"line":26,"column":19}},{"start":{"line":27,"column":6},"end":{"line":27,"column":18}}],"line":24},"6":{"loc":{"start":{"line":29,"column":6},"end":{"line":38,"column":7}},"type":"if","locations":[{"start":{"line":29,"column":6},"end":{"line":38,"column":7}},{"start":{},"end":{}}],"line":29},"7":{"loc":{"start":{"line":30,"column":8},"end":{"line":33,"column":20}},"type":"binary-expr","locations":[{"start":{"line":30,"column":8},"end":{"line":30,"column":23}},{"start":{"line":31,"column":8},"end":{"line":31,"column":33}},{"start":{"line":32,"column":8},"end":{"line":32,"column":21}},{"start":{"line":33,"column":8},"end":{"line":33,"column":20}}],"line":30},"8":{"loc":{"start":{"line":40,"column":6},"end":{"line":40,"column":52}},"type":"if","locations":[{"start":{"line":40,"column":6},"end":{"line":40,"column":52}},{"start":{},"end":{}}],"line":40},"9":{"loc":{"start":{"line":41,"column":6},"end":{"line":41,"column":72}},"type":"if","locations":[{"start":{"line":41,"column":6},"end":{"line":41,"column":72}},{"start":{},"end":{}}],"line":41},"10":{"loc":{"start":{"line":42,"column":6},"end":{"line":42,"column":48}},"type":"if","locations":[{"start":{"line":42,"column":6},"end":{"line":42,"column":48}},{"start":{},"end":{}}],"line":42},"11":{"loc":{"start":{"line":43,"column":6},"end":{"line":43,"column":46}},"type":"if","locations":[{"start":{"line":43,"column":6},"end":{"line":43,"column":46}},{"start":{},"end":{}}],"line":43},"12":{"loc":{"start":{"line":44,"column":6},"end":{"line":48,"column":7}},"type":"if","locations":[{"start":{"line":44,"column":6},"end":{"line":48,"column":7}},{"start":{},"end":{}}],"line":44},"13":{"loc":{"start":{"line":54,"column":4},"end":{"line":58,"column":5}},"type":"if","locations":[{"start":{"line":54,"column":4},"end":{"line":58,"column":5}},{"start":{},"end":{}}],"line":54},"14":{"loc":{"start":{"line":59,"column":4},"end":{"line":85,"column":5}},"type":"if","locations":[{"start":{"line":59,"column":4},"end":{"line":85,"column":5}},{"start":{},"end":{}}],"line":59},"15":{"loc":{"start":{"line":60,"column":6},"end":{"line":63,"column":18}},"type":"binary-expr","locations":[{"start":{"line":60,"column":6},"end":{"line":60,"column":21}},{"start":{"line":61,"column":6},"end":{"line":61,"column":31}},{"start":{"line":62,"column":6},"end":{"line":62,"column":19}},{"start":{"line":63,"column":6},"end":{"line":63,"column":18}}],"line":60},"16":{"loc":{"start":{"line":65,"column":6},"end":{"line":74,"column":7}},"type":"if","locations":[{"start":{"line":65,"column":6},"end":{"line":74,"column":7}},{"start":{},"end":{}}],"line":65},"17":{"loc":{"start":{"line":66,"column":8},"end":{"line":69,"column":20}},"type":"binary-expr","locations":[{"start":{"line":66,"column":8},"end":{"line":66,"column":23}},{"start":{"line":67,"column":8},"end":{"line":67,"column":33}},{"start":{"line":68,"column":8},"end":{"line":68,"column":21}},{"start":{"line":69,"column":8},"end":{"line":69,"column":20}}],"line":66},"18":{"loc":{"start":{"line":76,"column":6},"end":{"line":76,"column":52}},"type":"if","locations":[{"start":{"line":76,"column":6},"end":{"line":76,"column":52}},{"start":{},"end":{}}],"line":76},"19":{"loc":{"start":{"line":77,"column":6},"end":{"line":77,"column":67}},"type":"if","locations":[{"start":{"line":77,"column":6},"end":{"line":77,"column":67}},{"start":{},"end":{}}],"line":77},"20":{"loc":{"start":{"line":78,"column":6},"end":{"line":78,"column":46}},"type":"if","locations":[{"start":{"line":78,"column":6},"end":{"line":78,"column":46}},{"start":{},"end":{}}],"line":78},"21":{"loc":{"start":{"line":79,"column":6},"end":{"line":79,"column":47}},"type":"if","locations":[{"start":{"line":79,"column":6},"end":{"line":79,"column":47}},{"start":{},"end":{}}],"line":79},"22":{"loc":{"start":{"line":80,"column":6},"end":{"line":84,"column":7}},"type":"if","locations":[{"start":{"line":80,"column":6},"end":{"line":84,"column":7}},{"start":{},"end":{}}],"line":80},"23":{"loc":{"start":{"line":93,"column":6},"end":{"line":97,"column":7}},"type":"if","locations":[{"start":{"line":93,"column":6},"end":{"line":97,"column":7}},{"start":{},"end":{}}],"line":93}},"s":{"0":1,"1":0,"2":0,"3":0,"4":0,"5":0,"6":0,"7":0,"8":0,"9":0,"10":0,"11":0,"12":0,"13":0,"14":0,"15":0,"16":0,"17":0,"18":0,"19":0,"20":0,"21":0,"22":0,"23":0,"24":0,"25":0,"26":0,"27":0,"28":0,"29":0,"30":0,"31":0,"32":0,"33":0,"34":0,"35":0,"36":0,"37":0,"38":0,"39":0,"40":0,"41":0,"42":0,"43":0,"44":0,"45":0,"46":0,"47":0,"48":0,"49":0,"50":0,"51":0,"52":0,"53":0,"54":0,"55":0,"56":0,"57":0,"58":0,"59":0,"60":0,"61":0,"62":0,"63":0,"64":1},"f":{"0":0,"1":0,"2":0,"3":0,"4":0},"b":{"0":[0,0],"1":[0,0],"2":[0,0],"3":[0,0],"4":[0,0],"5":[0,0,0,0],"6":[0,0],"7":[0,0,0,0],"8":[0,0],"9":[0,0],"10":[0,0],"11":[0,0],"12":[0,0],"13":[0,0],"14":[0,0],"15":[0,0,0,0],"16":[0,0],"17":[0,0,0,0],"18":[0,0],"19":[0,0],"20":[0,0],"21":[0,0],"22":[0,0],"23":[0,0]},"_coverageSchema":"1a1c01bbd47fc00a2c39e90264f33305004495a9","hash":"c654c1f62c527b8af447b8ba988e0f198574afae"}
,"E:\\BINAR_Backend JS\\challenge\\24001184-km7-afz-basicbankingsystem-ch5\\services\\authServis.js": {"path":"E:\\BINAR_Backend JS\\challenge\\24001184-km7-afz-basicbankingsystem-ch5\\services\\authServis.js","statementMap":{"0":{"start":{"line":1,"column":15},"end":{"line":1,"column":32}},"1":{"start":{"line":2,"column":12},"end":{"line":2,"column":35}},"2":{"start":{"line":3,"column":20},"end":{"line":3,"column":52}},"3":{"start":{"line":4,"column":23},"end":{"line":4,"column":59}},"4":{"start":{"line":5,"column":15},"end":{"line":5,"column":43}},"5":{"start":{"line":17,"column":8},"end":{"line":17,"column":12}},"6":{"start":{"line":18,"column":25},"end":{"line":18,"column":65}},"7":{"start":{"line":20,"column":4},"end":{"line":24,"column":5}},"8":{"start":{"line":21,"column":20},"end":{"line":21,"column":54}},"9":{"start":{"line":22,"column":6},"end":{"line":22,"column":29}},"10":{"start":{"line":23,"column":6},"end":{"line":23,"column":18}},"11":{"start":{"line":26,"column":27},"end":{"line":26,"column":58}},"12":{"start":{"line":27,"column":4},"end":{"line":36,"column":7}},"13":{"start":{"line":40,"column":17},"end":{"line":40,"column":57}},"14":{"start":{"line":42,"column":4},"end":{"line":46,"column":5}},"15":{"start":{"line":43,"column":20},"end":{"line":43,"column":59}},"16":{"start":{"line":44,"column":6},"end":{"line":44,"column":29}},"17":{"start":{"line":45,"column":6},"end":{"line":45,"column":18}},"18":{"start":{"line":48,"column":26},"end":{"line":48,"column":71}},"19":{"start":{"line":49,"column":4},"end":{"line":53,"column":5}},"20":{"start":{"line":50,"column":20},"end":{"line":50,"column":59}},"21":{"start":{"line":51,"column":6},"end":{"line":51,"column":29}},"22":{"start":{"line":52,"column":6},"end":{"line":52,"column":18}},"23":{"start":{"line":56,"column":18},"end":{"line":58,"column":6}},"24":{"start":{"line":60,"column":4},"end":{"line":60,"column":17}},"25":{"start":{"line":79,"column":0},"end":{"line":79,"column":29}}},"fnMap":{"0":{"name":"(anonymous_0)","decl":{"start":{"line":9,"column":2},"end":{"line":9,"column":3}},"loc":{"start":{"line":9,"column":30},"end":{"line":37,"column":3}},"line":9},"1":{"name":"(anonymous_1)","decl":{"start":{"line":39,"column":2},"end":{"line":39,"column":3}},"loc":{"start":{"line":39,"column":38},"end":{"line":61,"column":3}},"line":39}},"branchMap":{"0":{"loc":{"start":{"line":20,"column":4},"end":{"line":24,"column":5}},"type":"if","locations":[{"start":{"line":20,"column":4},"end":{"line":24,"column":5}},{"start":{},"end":{}}],"line":20},"1":{"loc":{"start":{"line":42,"column":4},"end":{"line":46,"column":5}},"type":"if","locations":[{"start":{"line":42,"column":4},"end":{"line":46,"column":5}},{"start":{},"end":{}}],"line":42},"2":{"loc":{"start":{"line":49,"column":4},"end":{"line":53,"column":5}},"type":"if","locations":[{"start":{"line":49,"column":4},"end":{"line":53,"column":5}},{"start":{},"end":{}}],"line":49}},"s":{"0":1,"1":1,"2":1,"3":1,"4":1,"5":0,"6":0,"7":0,"8":0,"9":0,"10":0,"11":0,"12":0,"13":0,"14":0,"15":0,"16":0,"17":0,"18":0,"19":0,"20":0,"21":0,"22":0,"23":0,"24":0,"25":1},"f":{"0":0,"1":0},"b":{"0":[0,0],"1":[0,0],"2":[0,0]},"_coverageSchema":"1a1c01bbd47fc00a2c39e90264f33305004495a9","hash":"854bf7f6e7735c05987169ae340959d0d02b6fda"}
,"E:\\BINAR_Backend JS\\challenge\\24001184-km7-afz-basicbankingsystem-ch5\\services\\transaksiServis.js": {"path":"E:\\BINAR_Backend JS\\challenge\\24001184-km7-afz-basicbankingsystem-ch5\\services\\transaksiServis.js","statementMap":{"0":{"start":{"line":1,"column":24},"end":{"line":1,"column":60}},"1":{"start":{"line":2,"column":13},"end":{"line":2,"column":44}},"2":{"start":{"line":6,"column":17},"end":{"line":6,"column":53}},"3":{"start":{"line":7,"column":4},"end":{"line":11,"column":5}},"4":{"start":{"line":8,"column":20},"end":{"line":8,"column":61}},"5":{"start":{"line":9,"column":6},"end":{"line":9,"column":29}},"6":{"start":{"line":10,"column":6},"end":{"line":10,"column":18}},"7":{"start":{"line":12,"column":4},"end":{"line":12,"column":16}},"8":{"start":{"line":15,"column":17},"end":{"line":15,"column":68}},"9":{"start":{"line":16,"column":4},"end":{"line":20,"column":5}},"10":{"start":{"line":17,"column":20},"end":{"line":17,"column":57}},"11":{"start":{"line":18,"column":6},"end":{"line":18,"column":29}},"12":{"start":{"line":19,"column":6},"end":{"line":19,"column":18}},"13":{"start":{"line":21,"column":4},"end":{"line":21,"column":16}},"14":{"start":{"line":26,"column":4},"end":{"line":30,"column":5}},"15":{"start":{"line":27,"column":20},"end":{"line":27,"column":58}},"16":{"start":{"line":28,"column":6},"end":{"line":28,"column":29}},"17":{"start":{"line":29,"column":6},"end":{"line":29,"column":18}},"18":{"start":{"line":33,"column":19},"end":{"line":33,"column":21}},"19":{"start":{"line":34,"column":4},"end":{"line":34,"column":57}},"20":{"start":{"line":34,"column":26},"end":{"line":34,"column":57}},"21":{"start":{"line":35,"column":4},"end":{"line":35,"column":67}},"22":{"start":{"line":35,"column":31},"end":{"line":35,"column":67}},"23":{"start":{"line":36,"column":4},"end":{"line":36,"column":39}},"24":{"start":{"line":36,"column":17},"end":{"line":36,"column":39}},"25":{"start":{"line":38,"column":4},"end":{"line":42,"column":5}},"26":{"start":{"line":39,"column":20},"end":{"line":39,"column":63}},"27":{"start":{"line":40,"column":6},"end":{"line":40,"column":29}},"28":{"start":{"line":41,"column":6},"end":{"line":41,"column":18}},"29":{"start":{"line":45,"column":4},"end":{"line":49,"column":5}},"30":{"start":{"line":46,"column":20},"end":{"line":46,"column":59}},"31":{"start":{"line":47,"column":6},"end":{"line":47,"column":37}},"32":{"start":{"line":48,"column":6},"end":{"line":48,"column":18}},"33":{"start":{"line":52,"column":24},"end":{"line":56,"column":5}},"34":{"start":{"line":58,"column":4},"end":{"line":58,"column":23}},"35":{"start":{"line":62,"column":17},"end":{"line":62,"column":69}},"36":{"start":{"line":63,"column":4},"end":{"line":67,"column":5}},"37":{"start":{"line":64,"column":20},"end":{"line":64,"column":48}},"38":{"start":{"line":65,"column":6},"end":{"line":65,"column":29}},"39":{"start":{"line":66,"column":6},"end":{"line":66,"column":18}},"40":{"start":{"line":68,"column":4},"end":{"line":68,"column":16}},"41":{"start":{"line":72,"column":0},"end":{"line":72,"column":33}}},"fnMap":{"0":{"name":"(anonymous_0)","decl":{"start":{"line":5,"column":2},"end":{"line":5,"column":3}},"loc":{"start":{"line":5,"column":24},"end":{"line":13,"column":3}},"line":5},"1":{"name":"(anonymous_1)","decl":{"start":{"line":14,"column":2},"end":{"line":14,"column":3}},"loc":{"start":{"line":14,"column":38},"end":{"line":22,"column":3}},"line":14},"2":{"name":"(anonymous_2)","decl":{"start":{"line":24,"column":2},"end":{"line":24,"column":3}},"loc":{"start":{"line":24,"column":78},"end":{"line":59,"column":3}},"line":24},"3":{"name":"(anonymous_3)","decl":{"start":{"line":61,"column":2},"end":{"line":61,"column":3}},"loc":{"start":{"line":61,"column":46},"end":{"line":69,"column":3}},"line":61}},"branchMap":{"0":{"loc":{"start":{"line":7,"column":4},"end":{"line":11,"column":5}},"type":"if","locations":[{"start":{"line":7,"column":4},"end":{"line":11,"column":5}},{"start":{},"end":{}}],"line":7},"1":{"loc":{"start":{"line":7,"column":8},"end":{"line":7,"column":34}},"type":"binary-expr","locations":[{"start":{"line":7,"column":8},"end":{"line":7,"column":13}},{"start":{"line":7,"column":17},"end":{"line":7,"column":34}}],"line":7},"2":{"loc":{"start":{"line":16,"column":4},"end":{"line":20,"column":5}},"type":"if","locations":[{"start":{"line":16,"column":4},"end":{"line":20,"column":5}},{"start":{},"end":{}}],"line":16},"3":{"loc":{"start":{"line":16,"column":8},"end":{"line":16,"column":34}},"type":"binary-expr","locations":[{"start":{"line":16,"column":8},"end":{"line":16,"column":13}},{"start":{"line":16,"column":17},"end":{"line":16,"column":34}}],"line":16},"4":{"loc":{"start":{"line":26,"column":4},"end":{"line":30,"column":5}},"type":"if","locations":[{"start":{"line":26,"column":4},"end":{"line":30,"column":5}},{"start":{},"end":{}}],"line":26},"5":{"loc":{"start":{"line":26,"column":8},"end":{"line":26,"column":60}},"type":"binary-expr","locations":[{"start":{"line":26,"column":8},"end":{"line":26,"column":24}},{"start":{"line":26,"column":28},"end":{"line":26,"column":49}},{"start":{"line":26,"column":53},"end":{"line":26,"column":60}}],"line":26},"6":{"loc":{"start":{"line":34,"column":4},"end":{"line":34,"column":57}},"type":"if","locations":[{"start":{"line":34,"column":4},"end":{"line":34,"column":57}},{"start":{},"end":{}}],"line":34},"7":{"loc":{"start":{"line":35,"column":4},"end":{"line":35,"column":67}},"type":"if","locations":[{"start":{"line":35,"column":4},"end":{"line":35,"column":67}},{"start":{},"end":{}}],"line":35},"8":{"loc":{"start":{"line":36,"column":4},"end":{"line":36,"column":39}},"type":"if","locations":[{"start":{"line":36,"column":4},"end":{"line":36,"column":39}},{"start":{},"end":{}}],"line":36},"9":{"loc":{"start":{"line":38,"column":4},"end":{"line":42,"column":5}},"type":"if","locations":[{"start":{"line":38,"column":4},"end":{"line":42,"column":5}},{"start":{},"end":{}}],"line":38},"10":{"loc":{"start":{"line":45,"column":4},"end":{"line":49,"column":5}},"type":"if","locations":[{"start":{"line":45,"column":4},"end":{"line":49,"column":5}},{"start":{},"end":{}}],"line":45},"11":{"loc":{"start":{"line":63,"column":4},"end":{"line":67,"column":5}},"type":"if","locations":[{"start":{"line":63,"column":4},"end":{"line":67,"column":5}},{"start":{},"end":{}}],"line":63},"12":{"loc":{"start":{"line":63,"column":8},"end":{"line":63,"column":34}},"type":"binary-expr","locations":[{"start":{"line":63,"column":8},"end":{"line":63,"column":13}},{"start":{"line":63,"column":17},"end":{"line":63,"column":34}}],"line":63}},"s":{"0":1,"1":1,"2":2,"3":2,"4":1,"5":1,"6":1,"7":1,"8":2,"9":2,"10":1,"11":1,"12":1,"13":1,"14":3,"15":1,"16":1,"17":1,"18":2,"19":2,"20":1,"21":2,"22":1,"23":2,"24":0,"25":2,"26":1,"27":1,"28":1,"29":1,"30":0,"31":0,"32":0,"33":1,"34":1,"35":2,"36":2,"37":1,"38":1,"39":1,"40":1,"41":1},"f":{"0":2,"1":2,"2":3,"3":2},"b":{"0":[1,1],"1":[2,2],"2":[1,1],"3":[2,1],"4":[1,2],"5":[3,2,2],"6":[1,1],"7":[1,1],"8":[0,2],"9":[1,1],"10":[0,1],"11":[1,1],"12":[2,1]},"_coverageSchema":"1a1c01bbd47fc00a2c39e90264f33305004495a9","hash":"c73baac0ba65c92278e8be6bc4298a9086ab12df"}
,"E:\\BINAR_Backend JS\\challenge\\24001184-km7-afz-basicbankingsystem-ch5\\services\\usersServis.js": {"path":"E:\\BINAR_Backend JS\\challenge\\24001184-km7-afz-basicbankingsystem-ch5\\services\\usersServis.js","statementMap":{"0":{"start":{"line":1,"column":20},"end":{"line":1,"column":52}},"1":{"start":{"line":4,"column":17},"end":{"line":4,"column":45}},"2":{"start":{"line":5,"column":4},"end":{"line":9,"column":5}},"3":{"start":{"line":6,"column":20},"end":{"line":6,"column":55}},"4":{"start":{"line":7,"column":6},"end":{"line":7,"column":29}},"5":{"start":{"line":8,"column":6},"end":{"line":8,"column":18}},"6":{"start":{"line":10,"column":4},"end":{"line":10,"column":16}},"7":{"start":{"line":13,"column":17},"end":{"line":13,"column":54}},"8":{"start":{"line":14,"column":4},"end":{"line":18,"column":5}},"9":{"start":{"line":15,"column":20},"end":{"line":15,"column":59}},"10":{"start":{"line":16,"column":6},"end":{"line":16,"column":29}},"11":{"start":{"line":17,"column":6},"end":{"line":17,"column":18}},"12":{"start":{"line":19,"column":4},"end":{"line":19,"column":16}},"13":{"start":{"line":23,"column":4},"end":{"line":66,"column":5}},"14":{"start":{"line":32,"column":6},"end":{"line":44,"column":7}},"15":{"start":{"line":41,"column":22},"end":{"line":41,"column":63}},"16":{"start":{"line":42,"column":8},"end":{"line":42,"column":31}},"17":{"start":{"line":43,"column":8},"end":{"line":43,"column":20}},"18":{"start":{"line":45,"column":28},"end":{"line":45,"column":30}},"19":{"start":{"line":46,"column":6},"end":{"line":46,"column":49}},"20":{"start":{"line":46,"column":22},"end":{"line":46,"column":49}},"21":{"start":{"line":47,"column":6},"end":{"line":47,"column":51}},"22":{"start":{"line":47,"column":23},"end":{"line":47,"column":51}},"23":{"start":{"line":48,"column":6},"end":{"line":48,"column":57}},"24":{"start":{"line":48,"column":26},"end":{"line":48,"column":57}},"25":{"start":{"line":49,"column":6},"end":{"line":57,"column":7}},"26":{"start":{"line":50,"column":8},"end":{"line":50,"column":38}},"27":{"start":{"line":52,"column":8},"end":{"line":53,"column":54}},"28":{"start":{"line":53,"column":10},"end":{"line":53,"column":54}},"29":{"start":{"line":54,"column":8},"end":{"line":55,"column":55}},"30":{"start":{"line":55,"column":10},"end":{"line":55,"column":55}},"31":{"start":{"line":56,"column":8},"end":{"line":56,"column":71}},"32":{"start":{"line":56,"column":35},"end":{"line":56,"column":71}},"33":{"start":{"line":59,"column":6},"end":{"line":65,"column":7}},"34":{"start":{"line":60,"column":22},"end":{"line":62,"column":9}},"35":{"start":{"line":63,"column":8},"end":{"line":63,"column":31}},"36":{"start":{"line":64,"column":8},"end":{"line":64,"column":20}},"37":{"start":{"line":67,"column":25},"end":{"line":67,"column":70}},"38":{"start":{"line":68,"column":4},"end":{"line":72,"column":5}},"39":{"start":{"line":69,"column":20},"end":{"line":69,"column":54}},"40":{"start":{"line":70,"column":6},"end":{"line":70,"column":29}},"41":{"start":{"line":71,"column":6},"end":{"line":71,"column":18}},"42":{"start":{"line":73,"column":4},"end":{"line":73,"column":45}},"43":{"start":{"line":77,"column":18},"end":{"line":77,"column":55}},"44":{"start":{"line":78,"column":4},"end":{"line":82,"column":5}},"45":{"start":{"line":79,"column":20},"end":{"line":79,"column":71}},"46":{"start":{"line":80,"column":6},"end":{"line":80,"column":29}},"47":{"start":{"line":81,"column":6},"end":{"line":81,"column":18}},"48":{"start":{"line":84,"column":4},"end":{"line":114,"column":5}},"49":{"start":{"line":93,"column":28},"end":{"line":93,"column":30}},"50":{"start":{"line":94,"column":6},"end":{"line":94,"column":49}},"51":{"start":{"line":94,"column":22},"end":{"line":94,"column":49}},"52":{"start":{"line":95,"column":6},"end":{"line":95,"column":51}},"53":{"start":{"line":95,"column":23},"end":{"line":95,"column":51}},"54":{"start":{"line":96,"column":6},"end":{"line":96,"column":57}},"55":{"start":{"line":96,"column":26},"end":{"line":96,"column":57}},"56":{"start":{"line":97,"column":6},"end":{"line":105,"column":7}},"57":{"start":{"line":98,"column":8},"end":{"line":98,"column":38}},"58":{"start":{"line":100,"column":8},"end":{"line":101,"column":54}},"59":{"start":{"line":101,"column":10},"end":{"line":101,"column":54}},"60":{"start":{"line":102,"column":8},"end":{"line":103,"column":55}},"61":{"start":{"line":103,"column":10},"end":{"line":103,"column":55}},"62":{"start":{"line":104,"column":8},"end":{"line":104,"column":71}},"63":{"start":{"line":104,"column":35},"end":{"line":104,"column":71}},"64":{"start":{"line":107,"column":6},"end":{"line":113,"column":7}},"65":{"start":{"line":108,"column":22},"end":{"line":110,"column":9}},"66":{"start":{"line":111,"column":8},"end":{"line":111,"column":31}},"67":{"start":{"line":112,"column":8},"end":{"line":112,"column":20}},"68":{"start":{"line":116,"column":25},"end":{"line":116,"column":70}},"69":{"start":{"line":117,"column":4},"end":{"line":121,"column":5}},"70":{"start":{"line":118,"column":20},"end":{"line":118,"column":54}},"71":{"start":{"line":119,"column":6},"end":{"line":119,"column":29}},"72":{"start":{"line":120,"column":6},"end":{"line":120,"column":18}},"73":{"start":{"line":123,"column":4},"end":{"line":123,"column":53}},"74":{"start":{"line":126,"column":17},"end":{"line":126,"column":54}},"75":{"start":{"line":127,"column":4},"end":{"line":131,"column":5}},"76":{"start":{"line":128,"column":20},"end":{"line":128,"column":52}},"77":{"start":{"line":129,"column":6},"end":{"line":129,"column":29}},"78":{"start":{"line":130,"column":6},"end":{"line":130,"column":18}},"79":{"start":{"line":132,"column":4},"end":{"line":132,"column":50}},"80":{"start":{"line":136,"column":0},"end":{"line":136,"column":29}}},"fnMap":{"0":{"name":"(anonymous_0)","decl":{"start":{"line":3,"column":2},"end":{"line":3,"column":3}},"loc":{"start":{"line":3,"column":29},"end":{"line":11,"column":3}},"line":3},"1":{"name":"(anonymous_1)","decl":{"start":{"line":12,"column":2},"end":{"line":12,"column":3}},"loc":{"start":{"line":12,"column":32},"end":{"line":20,"column":3}},"line":12},"2":{"name":"(anonymous_2)","decl":{"start":{"line":22,"column":2},"end":{"line":22,"column":3}},"loc":{"start":{"line":22,"column":39},"end":{"line":74,"column":3}},"line":22},"3":{"name":"(anonymous_3)","decl":{"start":{"line":76,"column":2},"end":{"line":76,"column":3}},"loc":{"start":{"line":76,"column":47},"end":{"line":124,"column":3}},"line":76},"4":{"name":"(anonymous_4)","decl":{"start":{"line":125,"column":2},"end":{"line":125,"column":3}},"loc":{"start":{"line":125,"column":35},"end":{"line":133,"column":3}},"line":125}},"branchMap":{"0":{"loc":{"start":{"line":5,"column":4},"end":{"line":9,"column":5}},"type":"if","locations":[{"start":{"line":5,"column":4},"end":{"line":9,"column":5}},{"start":{},"end":{}}],"line":5},"1":{"loc":{"start":{"line":5,"column":8},"end":{"line":5,"column":34}},"type":"binary-expr","locations":[{"start":{"line":5,"column":8},"end":{"line":5,"column":13}},{"start":{"line":5,"column":17},"end":{"line":5,"column":34}}],"line":5},"2":{"loc":{"start":{"line":14,"column":4},"end":{"line":18,"column":5}},"type":"if","locations":[{"start":{"line":14,"column":4},"end":{"line":18,"column":5}},{"start":{},"end":{}}],"line":14},"3":{"loc":{"start":{"line":14,"column":8},"end":{"line":14,"column":34}},"type":"binary-expr","locations":[{"start":{"line":14,"column":8},"end":{"line":14,"column":13}},{"start":{"line":14,"column":17},"end":{"line":14,"column":34}}],"line":14},"4":{"loc":{"start":{"line":23,"column":4},"end":{"line":66,"column":5}},"type":"if","locations":[{"start":{"line":23,"column":4},"end":{"line":66,"column":5}},{"start":{},"end":{}}],"line":23},"5":{"loc":{"start":{"line":24,"column":6},"end":{"line":30,"column":27}},"type":"binary-expr","locations":[{"start":{"line":24,"column":6},"end":{"line":24,"column":16}},{"start":{"line":25,"column":6},"end":{"line":25,"column":17}},{"start":{"line":26,"column":6},"end":{"line":26,"column":20}},{"start":{"line":27,"column":6},"end":{"line":27,"column":19}},{"start":{"line":28,"column":6},"end":{"line":28,"column":35}},{"start":{"line":29,"column":6},"end":{"line":29,"column":33}},{"start":{"line":30,"column":6},"end":{"line":30,"column":27}}],"line":24},"6":{"loc":{"start":{"line":32,"column":6},"end":{"line":44,"column":7}},"type":"if","locations":[{"start":{"line":32,"column":6},"end":{"line":44,"column":7}},{"start":{},"end":{}}],"line":32},"7":{"loc":{"start":{"line":33,"column":8},"end":{"line":39,"column":29}},"type":"binary-expr","locations":[{"start":{"line":33,"column":8},"end":{"line":33,"column":18}},{"start":{"line":34,"column":8},"end":{"line":34,"column":19}},{"start":{"line":35,"column":8},"end":{"line":35,"column":22}},{"start":{"line":36,"column":8},"end":{"line":36,"column":20}},{"start":{"line":37,"column":8},"end":{"line":37,"column":37}},{"start":{"line":38,"column":8},"end":{"line":38,"column":35}},{"start":{"line":39,"column":8},"end":{"line":39,"column":29}}],"line":33},"8":{"loc":{"start":{"line":46,"column":6},"end":{"line":46,"column":49}},"type":"if","locations":[{"start":{"line":46,"column":6},"end":{"line":46,"column":49}},{"start":{},"end":{}}],"line":46},"9":{"loc":{"start":{"line":47,"column":6},"end":{"line":47,"column":51}},"type":"if","locations":[{"start":{"line":47,"column":6},"end":{"line":47,"column":51}},{"start":{},"end":{}}],"line":47},"10":{"loc":{"start":{"line":48,"column":6},"end":{"line":48,"column":57}},"type":"if","locations":[{"start":{"line":48,"column":6},"end":{"line":48,"column":57}},{"start":{},"end":{}}],"line":48},"11":{"loc":{"start":{"line":49,"column":6},"end":{"line":57,"column":7}},"type":"if","locations":[{"start":{"line":49,"column":6},"end":{"line":57,"column":7}},{"start":{"line":51,"column":13},"end":{"line":57,"column":7}}],"line":49},"12":{"loc":{"start":{"line":52,"column":8},"end":{"line":53,"column":54}},"type":"if","locations":[{"start":{"line":52,"column":8},"end":{"line":53,"column":54}},{"start":{},"end":{}}],"line":52},"13":{"loc":{"start":{"line":54,"column":8},"end":{"line":55,"column":55}},"type":"if","locations":[{"start":{"line":54,"column":8},"end":{"line":55,"column":55}},{"start":{},"end":{}}],"line":54},"14":{"loc":{"start":{"line":56,"column":8},"end":{"line":56,"column":71}},"type":"if","locations":[{"start":{"line":56,"column":8},"end":{"line":56,"column":71}},{"start":{},"end":{}}],"line":56},"15":{"loc":{"start":{"line":59,"column":6},"end":{"line":65,"column":7}},"type":"if","locations":[{"start":{"line":59,"column":6},"end":{"line":65,"column":7}},{"start":{},"end":{}}],"line":59},"16":{"loc":{"start":{"line":68,"column":4},"end":{"line":72,"column":5}},"type":"if","locations":[{"start":{"line":68,"column":4},"end":{"line":72,"column":5}},{"start":{},"end":{}}],"line":68},"17":{"loc":{"start":{"line":78,"column":4},"end":{"line":82,"column":5}},"type":"if","locations":[{"start":{"line":78,"column":4},"end":{"line":82,"column":5}},{"start":{},"end":{}}],"line":78},"18":{"loc":{"start":{"line":84,"column":4},"end":{"line":114,"column":5}},"type":"if","locations":[{"start":{"line":84,"column":4},"end":{"line":114,"column":5}},{"start":{},"end":{}}],"line":84},"19":{"loc":{"start":{"line":85,"column":6},"end":{"line":91,"column":27}},"type":"binary-expr","locations":[{"start":{"line":85,"column":6},"end":{"line":85,"column":16}},{"start":{"line":86,"column":6},"end":{"line":86,"column":17}},{"start":{"line":87,"column":6},"end":{"line":87,"column":20}},{"start":{"line":88,"column":6},"end":{"line":88,"column":19}},{"start":{"line":89,"column":6},"end":{"line":89,"column":35}},{"start":{"line":90,"column":6},"end":{"line":90,"column":33}},{"start":{"line":91,"column":6},"end":{"line":91,"column":27}}],"line":85},"20":{"loc":{"start":{"line":94,"column":6},"end":{"line":94,"column":49}},"type":"if","locations":[{"start":{"line":94,"column":6},"end":{"line":94,"column":49}},{"start":{},"end":{}}],"line":94},"21":{"loc":{"start":{"line":95,"column":6},"end":{"line":95,"column":51}},"type":"if","locations":[{"start":{"line":95,"column":6},"end":{"line":95,"column":51}},{"start":{},"end":{}}],"line":95},"22":{"loc":{"start":{"line":96,"column":6},"end":{"line":96,"column":57}},"type":"if","locations":[{"start":{"line":96,"column":6},"end":{"line":96,"column":57}},{"start":{},"end":{}}],"line":96},"23":{"loc":{"start":{"line":97,"column":6},"end":{"line":105,"column":7}},"type":"if","locations":[{"start":{"line":97,"column":6},"end":{"line":105,"column":7}},{"start":{"line":99,"column":13},"end":{"line":105,"column":7}}],"line":97},"24":{"loc":{"start":{"line":100,"column":8},"end":{"line":101,"column":54}},"type":"if","locations":[{"start":{"line":100,"column":8},"end":{"line":101,"column":54}},{"start":{},"end":{}}],"line":100},"25":{"loc":{"start":{"line":102,"column":8},"end":{"line":103,"column":55}},"type":"if","locations":[{"start":{"line":102,"column":8},"end":{"line":103,"column":55}},{"start":{},"end":{}}],"line":102},"26":{"loc":{"start":{"line":104,"column":8},"end":{"line":104,"column":71}},"type":"if","locations":[{"start":{"line":104,"column":8},"end":{"line":104,"column":71}},{"start":{},"end":{}}],"line":104},"27":{"loc":{"start":{"line":107,"column":6},"end":{"line":113,"column":7}},"type":"if","locations":[{"start":{"line":107,"column":6},"end":{"line":113,"column":7}},{"start":{},"end":{}}],"line":107},"28":{"loc":{"start":{"line":117,"column":4},"end":{"line":121,"column":5}},"type":"if","locations":[{"start":{"line":117,"column":4},"end":{"line":121,"column":5}},{"start":{},"end":{}}],"line":117},"29":{"loc":{"start":{"line":117,"column":8},"end":{"line":117,"column":51}},"type":"binary-expr","locations":[{"start":{"line":117,"column":8},"end":{"line":117,"column":20}},{"start":{"line":117,"column":24},"end":{"line":117,"column":51}}],"line":117},"30":{"loc":{"start":{"line":127,"column":4},"end":{"line":131,"column":5}},"type":"if","locations":[{"start":{"line":127,"column":4},"end":{"line":131,"column":5}},{"start":{},"end":{}}],"line":127}},"s":{"0":1,"1":0,"2":0,"3":0,"4":0,"5":0,"6":0,"7":0,"8":0,"9":0,"10":0,"11":0,"12":0,"13":0,"14":0,"15":0,"16":0,"17":0,"18":0,"19":0,"20":0,"21":0,"22":0,"23":0,"24":0,"25":0,"26":0,"27":0,"28":0,"29":0,"30":0,"31":0,"32":0,"33":0,"34":0,"35":0,"36":0,"37":0,"38":0,"39":0,"40":0,"41":0,"42":0,"43":0,"44":0,"45":0,"46":0,"47":0,"48":0,"49":0,"50":0,"51":0,"52":0,"53":0,"54":0,"55":0,"56":0,"57":0,"58":0,"59":0,"60":0,"61":0,"62":0,"63":0,"64":0,"65":0,"66":0,"67":0,"68":0,"69":0,"70":0,"71":0,"72":0,"73":0,"74":0,"75":0,"76":0,"77":0,"78":0,"79":0,"80":1},"f":{"0":0,"1":0,"2":0,"3":0,"4":0},"b":{"0":[0,0],"1":[0,0],"2":[0,0],"3":[0,0],"4":[0,0],"5":[0,0,0,0,0,0,0],"6":[0,0],"7":[0,0,0,0,0,0,0],"8":[0,0],"9":[0,0],"10":[0,0],"11":[0,0],"12":[0,0],"13":[0,0],"14":[0,0],"15":[0,0],"16":[0,0],"17":[0,0],"18":[0,0],"19":[0,0,0,0,0,0,0],"20":[0,0],"21":[0,0],"22":[0,0],"23":[0,0],"24":[0,0],"25":[0,0],"26":[0,0],"27":[0,0],"28":[0,0],"29":[0,0],"30":[0,0]},"_coverageSchema":"1a1c01bbd47fc00a2c39e90264f33305004495a9","hash":"3bec425092405adbf6b59bf4cb4fd06baee99105"}
,"E:\\BINAR_Backend JS\\challenge\\24001184-km7-afz-basicbankingsystem-ch5\\swagger\\swaggerConfig.js": {"path":"E:\\BINAR_Backend JS\\challenge\\24001184-km7-afz-basicbankingsystem-ch5\\swagger\\swaggerConfig.js","statementMap":{"0":{"start":{"line":1,"column":21},"end":{"line":1,"column":45}},"1":{"start":{"line":3,"column":23},"end":{"line":19,"column":1}},"2":{"start":{"line":21,"column":20},"end":{"line":21,"column":48}},"3":{"start":{"line":23,"column":0},"end":{"line":23,"column":29}}},"fnMap":{},"branchMap":{},"s":{"0":1,"1":1,"2":1,"3":1},"f":{},"b":{},"_coverageSchema":"1a1c01bbd47fc00a2c39e90264f33305004495a9","hash":"470997cc5a25a511fa1c311c68a99649231d4750"}
}
