{"E:\\BINAR_Backend JS\\challenge\\24001184-km7-afz-basicbankingsystem-ch5\\index.js": {"path":"E:\\BINAR_Backend JS\\challenge\\24001184-km7-afz-basicbankingsystem-ch5\\index.js","statementMap":{"0":{"start":{"line":1,"column":16},"end":{"line":1,"column":34}},"1":{"start":{"line":2,"column":12},"end":{"line":2,"column":21}},"2":{"start":{"line":3,"column":19},"end":{"line":3,"column":41}},"3":{"start":{"line":4,"column":15},"end":{"line":4,"column":42}},"4":{"start":{"line":5,"column":19},"end":{"line":5,"column":49}},"5":{"start":{"line":6,"column":19},"end":{"line":6,"column":49}},"6":{"start":{"line":7,"column":24},"end":{"line":7,"column":59}},"7":{"start":{"line":8,"column":18},"end":{"line":8,"column":47}},"8":{"start":{"line":9,"column":20},"end":{"line":9,"column":54}},"9":{"start":{"line":10,"column":13},"end":{"line":10,"column":24}},"10":{"start":{"line":12,"column":0},"end":{"line":12,"column":27}},"11":{"start":{"line":15,"column":0},"end":{"line":15,"column":68}},"12":{"start":{"line":18,"column":0},"end":{"line":18,"column":31}},"13":{"start":{"line":19,"column":0},"end":{"line":19,"column":31}},"14":{"start":{"line":20,"column":0},"end":{"line":20,"column":36}},"15":{"start":{"line":22,"column":0},"end":{"line":24,"column":3}},"16":{"start":{"line":23,"column":2},"end":{"line":23,"column":60}},"17":{"start":{"line":26,"column":0},"end":{"line":26,"column":21}}},"fnMap":{"0":{"name":"(anonymous_0)","decl":{"start":{"line":22,"column":17},"end":{"line":22,"column":18}},"loc":{"start":{"line":22,"column":23},"end":{"line":24,"column":1}},"line":22}},"branchMap":{},"s":{"0":1,"1":1,"2":1,"3":1,"4":1,"5":1,"6":1,"7":1,"8":1,"9":1,"10":1,"11":1,"12":1,"13":1,"14":1,"15":1,"16":1,"17":1},"f":{"0":1},"b":{},"_coverageSchema":"1a1c01bbd47fc00a2c39e90264f33305004495a9","hash":"8e6a028eb3cd94137ed0702369a41455d916fb26"}
,"E:\\BINAR_Backend JS\\challenge\\24001184-km7-afz-basicbankingsystem-ch5\\configs\\config.js": {"path":"E:\\BINAR_Backend JS\\challenge\\24001184-km7-afz-basicbankingsystem-ch5\\configs\\config.js","statementMap":{"0":{"start":{"line":1,"column":0},"end":{"line":1,"column":27}},"1":{"start":{"line":3,"column":0},"end":{"line":7,"column":2}}},"fnMap":{},"branchMap":{"0":{"loc":{"start":{"line":5,"column":8},"end":{"line":5,"column":32}},"type":"binary-expr","locations":[{"start":{"line":5,"column":8},"end":{"line":5,"column":24}},{"start":{"line":5,"column":28},"end":{"line":5,"column":32}}],"line":5}},"s":{"0":1,"1":1},"f":{},"b":{"0":[1,1]},"_coverageSchema":"1a1c01bbd47fc00a2c39e90264f33305004495a9","hash":"bf8dbab40254c1a19596b8e98dc948af58bc40de"}
,"E:\\BINAR_Backend JS\\challenge\\24001184-km7-afz-basicbankingsystem-ch5\\controllers\\akunControlers.js": {"path":"E:\\BINAR_Backend JS\\challenge\\24001184-km7-afz-basicbankingsystem-ch5\\controllers\\akunControlers.js","statementMap":{"0":{"start":{"line":1,"column":13},"end":{"line":1,"column":44}},"1":{"start":{"line":2,"column":14},"end":{"line":2,"column":46}},"2":{"start":{"line":5,"column":4},"end":{"line":15,"column":5}},"3":{"start":{"line":6,"column":19},"end":{"line":6,"column":39}},"4":{"start":{"line":7,"column":6},"end":{"line":9,"column":7}},"5":{"start":{"line":8,"column":8},"end":{"line":8,"column":66}},"6":{"start":{"line":10,"column":6},"end":{"line":10,"column":33}},"7":{"start":{"line":12,"column":6},"end":{"line":14,"column":80}},"8":{"start":{"line":18,"column":4},"end":{"line":31,"column":5}},"9":{"start":{"line":19,"column":19},"end":{"line":19,"column":62}},"10":{"start":{"line":20,"column":6},"end":{"line":24,"column":7}},"11":{"start":{"line":21,"column":8},"end":{"line":23,"column":11}},"12":{"start":{"line":25,"column":6},"end":{"line":25,"column":33}},"13":{"start":{"line":27,"column":6},"end":{"line":30,"column":9}},"14":{"start":{"line":35,"column":4},"end":{"line":47,"column":5}},"15":{"start":{"line":36,"column":19},"end":{"line":36,"column":70}},"16":{"start":{"line":37,"column":6},"end":{"line":40,"column":9}},"17":{"start":{"line":42,"column":6},"end":{"line":42,"column":58}},"18":{"start":{"line":43,"column":6},"end":{"line":46,"column":9}},"19":{"start":{"line":50,"column":4},"end":{"line":66,"column":5}},"20":{"start":{"line":51,"column":19},"end":{"line":51,"column":58}},"21":{"start":{"line":52,"column":6},"end":{"line":54,"column":7}},"22":{"start":{"line":53,"column":8},"end":{"line":53,"column":65}},"23":{"start":{"line":55,"column":19},"end":{"line":55,"column":48}},"24":{"start":{"line":56,"column":6},"end":{"line":59,"column":9}},"25":{"start":{"line":61,"column":6},"end":{"line":61,"column":59}},"26":{"start":{"line":62,"column":6},"end":{"line":65,"column":9}},"27":{"start":{"line":69,"column":4},"end":{"line":86,"column":5}},"28":{"start":{"line":70,"column":19},"end":{"line":70,"column":63}},"29":{"start":{"line":71,"column":6},"end":{"line":74,"column":9}},"30":{"start":{"line":76,"column":6},"end":{"line":81,"column":7}},"31":{"start":{"line":78,"column":8},"end":{"line":80,"column":11}},"32":{"start":{"line":82,"column":6},"end":{"line":85,"column":9}},"33":{"start":{"line":90,"column":0},"end":{"line":90,"column":33}}},"fnMap":{"0":{"name":"(anonymous_0)","decl":{"start":{"line":4,"column":2},"end":{"line":4,"column":3}},"loc":{"start":{"line":4,"column":38},"end":{"line":16,"column":3}},"line":4},"1":{"name":"(anonymous_1)","decl":{"start":{"line":17,"column":2},"end":{"line":17,"column":3}},"loc":{"start":{"line":17,"column":40},"end":{"line":32,"column":3}},"line":17},"2":{"name":"(anonymous_2)","decl":{"start":{"line":34,"column":2},"end":{"line":34,"column":3}},"loc":{"start":{"line":34,"column":40},"end":{"line":48,"column":3}},"line":34},"3":{"name":"(anonymous_3)","decl":{"start":{"line":49,"column":2},"end":{"line":49,"column":3}},"loc":{"start":{"line":49,"column":40},"end":{"line":67,"column":3}},"line":49},"4":{"name":"(anonymous_4)","decl":{"start":{"line":68,"column":2},"end":{"line":68,"column":3}},"loc":{"start":{"line":68,"column":41},"end":{"line":87,"column":3}},"line":68}},"branchMap":{"0":{"loc":{"start":{"line":7,"column":6},"end":{"line":9,"column":7}},"type":"if","locations":[{"start":{"line":7,"column":6},"end":{"line":9,"column":7}},{"start":{},"end":{}}],"line":7},"1":{"loc":{"start":{"line":20,"column":6},"end":{"line":24,"column":7}},"type":"if","locations":[{"start":{"line":20,"column":6},"end":{"line":24,"column":7}},{"start":{},"end":{}}],"line":20},"2":{"loc":{"start":{"line":52,"column":6},"end":{"line":54,"column":7}},"type":"if","locations":[{"start":{"line":52,"column":6},"end":{"line":54,"column":7}},{"start":{},"end":{}}],"line":52},"3":{"loc":{"start":{"line":76,"column":6},"end":{"line":81,"column":7}},"type":"if","locations":[{"start":{"line":76,"column":6},"end":{"line":81,"column":7}},{"start":{},"end":{}}],"line":76}},"s":{"0":1,"1":1,"2":0,"3":0,"4":0,"5":0,"6":0,"7":0,"8":0,"9":0,"10":0,"11":0,"12":0,"13":0,"14":0,"15":0,"16":0,"17":0,"18":0,"19":0,"20":0,"21":0,"22":0,"23":0,"24":0,"25":0,"26":0,"27":0,"28":0,"29":0,"30":0,"31":0,"32":0,"33":1},"f":{"0":0,"1":0,"2":0,"3":0,"4":0},"b":{"0":[0,0],"1":[0,0],"2":[0,0],"3":[0,0]},"_coverageSchema":"1a1c01bbd47fc00a2c39e90264f33305004495a9","hash":"23cb91b1af7a3b5730fc97932055d3fad6dddc4a"}
,"E:\\BINAR_Backend JS\\challenge\\24001184-km7-afz-basicbankingsystem-ch5\\controllers\\transaksiControllers.js": {"path":"E:\\BINAR_Backend JS\\challenge\\24001184-km7-afz-basicbankingsystem-ch5\\controllers\\transaksiControllers.js","statementMap":{"0":{"start":{"line":1,"column":18},"end":{"line":1,"column":54}},"1":{"start":{"line":4,"column":4},"end":{"line":10,"column":5}},"2":{"start":{"line":5,"column":19},"end":{"line":5,"column":49}},"3":{"start":{"line":6,"column":6},"end":{"line":6,"column":33}},"4":{"start":{"line":8,"column":6},"end":{"line":8,"column":61}},"5":{"start":{"line":9,"column":6},"end":{"line":9,"column":69}},"6":{"start":{"line":13,"column":4},"end":{"line":22,"column":5}},"7":{"start":{"line":14,"column":19},"end":{"line":14,"column":75}},"8":{"start":{"line":15,"column":6},"end":{"line":17,"column":7}},"9":{"start":{"line":16,"column":8},"end":{"line":16,"column":72}},"10":{"start":{"line":18,"column":6},"end":{"line":18,"column":33}},"11":{"start":{"line":20,"column":6},"end":{"line":20,"column":60}},"12":{"start":{"line":21,"column":6},"end":{"line":21,"column":63}},"13":{"start":{"line":25,"column":62},"end":{"line":25,"column":70}},"14":{"start":{"line":27,"column":4},"end":{"line":41,"column":5}},"15":{"start":{"line":28,"column":6},"end":{"line":30,"column":7}},"16":{"start":{"line":29,"column":8},"end":{"line":29,"column":77}},"17":{"start":{"line":32,"column":26},"end":{"line":36,"column":7}},"18":{"start":{"line":37,"column":6},"end":{"line":37,"column":75}},"19":{"start":{"line":39,"column":6},"end":{"line":39,"column":60}},"20":{"start":{"line":40,"column":6},"end":{"line":40,"column":63}},"21":{"start":{"line":44,"column":62},"end":{"line":44,"column":70}},"22":{"start":{"line":46,"column":4},"end":{"line":64,"column":5}},"23":{"start":{"line":47,"column":6},"end":{"line":49,"column":7}},"24":{"start":{"line":48,"column":8},"end":{"line":48,"column":71}},"25":{"start":{"line":51,"column":26},"end":{"line":56,"column":7}},"26":{"start":{"line":58,"column":6},"end":{"line":60,"column":69}},"27":{"start":{"line":62,"column":6},"end":{"line":62,"column":60}},"28":{"start":{"line":63,"column":6},"end":{"line":63,"column":63}},"29":{"start":{"line":67,"column":4},"end":{"line":78,"column":5}},"30":{"start":{"line":68,"column":19},"end":{"line":68,"column":76}},"31":{"start":{"line":69,"column":6},"end":{"line":71,"column":7}},"32":{"start":{"line":70,"column":8},"end":{"line":70,"column":72}},"33":{"start":{"line":72,"column":6},"end":{"line":74,"column":68}},"34":{"start":{"line":76,"column":6},"end":{"line":76,"column":61}},"35":{"start":{"line":77,"column":6},"end":{"line":77,"column":69}},"36":{"start":{"line":81,"column":0},"end":{"line":81,"column":38}}},"fnMap":{"0":{"name":"(anonymous_0)","decl":{"start":{"line":3,"column":2},"end":{"line":3,"column":3}},"loc":{"start":{"line":3,"column":39},"end":{"line":11,"column":3}},"line":3},"1":{"name":"(anonymous_1)","decl":{"start":{"line":12,"column":2},"end":{"line":12,"column":3}},"loc":{"start":{"line":12,"column":41},"end":{"line":23,"column":3}},"line":12},"2":{"name":"(anonymous_2)","decl":{"start":{"line":24,"column":2},"end":{"line":24,"column":3}},"loc":{"start":{"line":24,"column":41},"end":{"line":42,"column":3}},"line":24},"3":{"name":"(anonymous_3)","decl":{"start":{"line":43,"column":2},"end":{"line":43,"column":3}},"loc":{"start":{"line":43,"column":41},"end":{"line":65,"column":3}},"line":43},"4":{"name":"(anonymous_4)","decl":{"start":{"line":66,"column":2},"end":{"line":66,"column":3}},"loc":{"start":{"line":66,"column":42},"end":{"line":79,"column":3}},"line":66}},"branchMap":{"0":{"loc":{"start":{"line":15,"column":6},"end":{"line":17,"column":7}},"type":"if","locations":[{"start":{"line":15,"column":6},"end":{"line":17,"column":7}},{"start":{},"end":{}}],"line":15},"1":{"loc":{"start":{"line":28,"column":6},"end":{"line":30,"column":7}},"type":"if","locations":[{"start":{"line":28,"column":6},"end":{"line":30,"column":7}},{"start":{},"end":{}}],"line":28},"2":{"loc":{"start":{"line":28,"column":10},"end":{"line":28,"column":66}},"type":"binary-expr","locations":[{"start":{"line":28,"column":10},"end":{"line":28,"column":26}},{"start":{"line":28,"column":30},"end":{"line":28,"column":51}},{"start":{"line":28,"column":55},"end":{"line":28,"column":66}}],"line":28},"3":{"loc":{"start":{"line":47,"column":6},"end":{"line":49,"column":7}},"type":"if","locations":[{"start":{"line":47,"column":6},"end":{"line":49,"column":7}},{"start":{},"end":{}}],"line":47},"4":{"loc":{"start":{"line":47,"column":10},"end":{"line":47,"column":66}},"type":"binary-expr","locations":[{"start":{"line":47,"column":10},"end":{"line":47,"column":26}},{"start":{"line":47,"column":30},"end":{"line":47,"column":51}},{"start":{"line":47,"column":55},"end":{"line":47,"column":66}}],"line":47},"5":{"loc":{"start":{"line":69,"column":6},"end":{"line":71,"column":7}},"type":"if","locations":[{"start":{"line":69,"column":6},"end":{"line":71,"column":7}},{"start":{},"end":{}}],"line":69}},"s":{"0":1,"1":0,"2":0,"3":0,"4":0,"5":0,"6":0,"7":0,"8":0,"9":0,"10":0,"11":0,"12":0,"13":0,"14":0,"15":0,"16":0,"17":0,"18":0,"19":0,"20":0,"21":0,"22":0,"23":0,"24":0,"25":0,"26":0,"27":0,"28":0,"29":0,"30":0,"31":0,"32":0,"33":0,"34":0,"35":0,"36":1},"f":{"0":0,"1":0,"2":0,"3":0,"4":0},"b":{"0":[0,0],"1":[0,0],"2":[0,0,0],"3":[0,0],"4":[0,0,0],"5":[0,0]},"_coverageSchema":"1a1c01bbd47fc00a2c39e90264f33305004495a9","hash":"7709c9d032165fb3b56274b20766ed8ff223c7aa"}
,"E:\\BINAR_Backend JS\\challenge\\24001184-km7-afz-basicbankingsystem-ch5\\controllers\\usersControllers.js": {"path":"E:\\BINAR_Backend JS\\challenge\\24001184-km7-afz-basicbankingsystem-ch5\\controllers\\usersControllers.js","statementMap":{"0":{"start":{"line":1,"column":14},"end":{"line":1,"column":46}},"1":{"start":{"line":4,"column":4},"end":{"line":15,"column":5}},"2":{"start":{"line":5,"column":19},"end":{"line":5,"column":41}},"3":{"start":{"line":6,"column":6},"end":{"line":8,"column":7}},"4":{"start":{"line":7,"column":8},"end":{"line":7,"column":75}},"5":{"start":{"line":9,"column":6},"end":{"line":9,"column":33}},"6":{"start":{"line":11,"column":6},"end":{"line":14,"column":9}},"7":{"start":{"line":18,"column":4},"end":{"line":31,"column":5}},"8":{"start":{"line":19,"column":19},"end":{"line":19,"column":61}},"9":{"start":{"line":20,"column":6},"end":{"line":24,"column":7}},"10":{"start":{"line":21,"column":8},"end":{"line":23,"column":11}},"11":{"start":{"line":25,"column":6},"end":{"line":25,"column":33}},"12":{"start":{"line":27,"column":6},"end":{"line":30,"column":9}},"13":{"start":{"line":34,"column":4},"end":{"line":58,"column":5}},"14":{"start":{"line":35,"column":24},"end":{"line":35,"column":32}},"15":{"start":{"line":36,"column":6},"end":{"line":38,"column":7}},"16":{"start":{"line":37,"column":8},"end":{"line":37,"column":69}},"17":{"start":{"line":39,"column":6},"end":{"line":39,"column":45}},"18":{"start":{"line":40,"column":23},"end":{"line":40,"column":57}},"19":{"start":{"line":41,"column":6},"end":{"line":45,"column":7}},"20":{"start":{"line":42,"column":8},"end":{"line":44,"column":80}},"21":{"start":{"line":46,"column":19},"end":{"line":46,"column":50}},"22":{"start":{"line":47,"column":6},"end":{"line":51,"column":9}},"23":{"start":{"line":53,"column":6},"end":{"line":53,"column":59}},"24":{"start":{"line":54,"column":6},"end":{"line":57,"column":9}},"25":{"start":{"line":61,"column":4},"end":{"line":83,"column":5}},"26":{"start":{"line":62,"column":24},"end":{"line":62,"column":32}},"27":{"start":{"line":63,"column":6},"end":{"line":63,"column":45}},"28":{"start":{"line":65,"column":23},"end":{"line":65,"column":57}},"29":{"start":{"line":66,"column":6},"end":{"line":70,"column":7}},"30":{"start":{"line":67,"column":8},"end":{"line":69,"column":80}},"31":{"start":{"line":72,"column":19},"end":{"line":72,"column":69}},"32":{"start":{"line":73,"column":6},"end":{"line":76,"column":9}},"33":{"start":{"line":78,"column":6},"end":{"line":78,"column":60}},"34":{"start":{"line":79,"column":6},"end":{"line":82,"column":9}},"35":{"start":{"line":86,"column":4},"end":{"line":101,"column":5}},"36":{"start":{"line":87,"column":19},"end":{"line":87,"column":61}},"37":{"start":{"line":88,"column":6},"end":{"line":92,"column":7}},"38":{"start":{"line":89,"column":8},"end":{"line":91,"column":11}},"39":{"start":{"line":93,"column":6},"end":{"line":95,"column":70}},"40":{"start":{"line":97,"column":6},"end":{"line":100,"column":9}},"41":{"start":{"line":105,"column":0},"end":{"line":105,"column":33}}},"fnMap":{"0":{"name":"(anonymous_0)","decl":{"start":{"line":3,"column":2},"end":{"line":3,"column":3}},"loc":{"start":{"line":3,"column":35},"end":{"line":16,"column":3}},"line":3},"1":{"name":"(anonymous_1)","decl":{"start":{"line":17,"column":2},"end":{"line":17,"column":3}},"loc":{"start":{"line":17,"column":37},"end":{"line":32,"column":3}},"line":17},"2":{"name":"(anonymous_2)","decl":{"start":{"line":33,"column":2},"end":{"line":33,"column":3}},"loc":{"start":{"line":33,"column":37},"end":{"line":59,"column":3}},"line":33},"3":{"name":"(anonymous_3)","decl":{"start":{"line":60,"column":2},"end":{"line":60,"column":3}},"loc":{"start":{"line":60,"column":37},"end":{"line":84,"column":3}},"line":60},"4":{"name":"(anonymous_4)","decl":{"start":{"line":85,"column":2},"end":{"line":85,"column":3}},"loc":{"start":{"line":85,"column":38},"end":{"line":102,"column":3}},"line":85}},"branchMap":{"0":{"loc":{"start":{"line":6,"column":6},"end":{"line":8,"column":7}},"type":"if","locations":[{"start":{"line":6,"column":6},"end":{"line":8,"column":7}},{"start":{},"end":{}}],"line":6},"1":{"loc":{"start":{"line":20,"column":6},"end":{"line":24,"column":7}},"type":"if","locations":[{"start":{"line":20,"column":6},"end":{"line":24,"column":7}},{"start":{},"end":{}}],"line":20},"2":{"loc":{"start":{"line":36,"column":6},"end":{"line":38,"column":7}},"type":"if","locations":[{"start":{"line":36,"column":6},"end":{"line":38,"column":7}},{"start":{},"end":{}}],"line":36},"3":{"loc":{"start":{"line":41,"column":6},"end":{"line":45,"column":7}},"type":"if","locations":[{"start":{"line":41,"column":6},"end":{"line":45,"column":7}},{"start":{},"end":{}}],"line":41},"4":{"loc":{"start":{"line":66,"column":6},"end":{"line":70,"column":7}},"type":"if","locations":[{"start":{"line":66,"column":6},"end":{"line":70,"column":7}},{"start":{},"end":{}}],"line":66},"5":{"loc":{"start":{"line":88,"column":6},"end":{"line":92,"column":7}},"type":"if","locations":[{"start":{"line":88,"column":6},"end":{"line":92,"column":7}},{"start":{},"end":{}}],"line":88}},"s":{"0":1,"1":2,"2":2,"3":2,"4":0,"5":2,"6":0,"7":1,"8":1,"9":1,"10":1,"11":0,"12":0,"13":0,"14":0,"15":0,"16":0,"17":0,"18":0,"19":0,"20":0,"21":0,"22":0,"23":0,"24":0,"25":0,"26":0,"27":0,"28":0,"29":0,"30":0,"31":0,"32":0,"33":0,"34":0,"35":0,"36":0,"37":0,"38":0,"39":0,"40":0,"41":1},"f":{"0":2,"1":1,"2":0,"3":0,"4":0},"b":{"0":[0,2],"1":[1,0],"2":[0,0],"3":[0,0],"4":[0,0],"5":[0,0]},"_coverageSchema":"1a1c01bbd47fc00a2c39e90264f33305004495a9","hash":"60b62b34746d9074b83da3f607381bf03e47bf69"}
,"E:\\BINAR_Backend JS\\challenge\\24001184-km7-afz-basicbankingsystem-ch5\\models\\akunModels.js": {"path":"E:\\BINAR_Backend JS\\challenge\\24001184-km7-afz-basicbankingsystem-ch5\\models\\akunModels.js","statementMap":{"0":{"start":{"line":1,"column":15},"end":{"line":1,"column":42}},"1":{"start":{"line":4,"column":4},"end":{"line":4,"column":47}},"2":{"start":{"line":7,"column":4},"end":{"line":9,"column":7}},"3":{"start":{"line":12,"column":4},"end":{"line":19,"column":7}},"4":{"start":{"line":22,"column":4},"end":{"line":30,"column":7}},"5":{"start":{"line":34,"column":4},"end":{"line":36,"column":7}},"6":{"start":{"line":39,"column":0},"end":{"line":39,"column":22}}},"fnMap":{"0":{"name":"(anonymous_0)","decl":{"start":{"line":3,"column":2},"end":{"line":3,"column":3}},"loc":{"start":{"line":3,"column":25},"end":{"line":5,"column":3}},"line":3},"1":{"name":"(anonymous_1)","decl":{"start":{"line":6,"column":2},"end":{"line":6,"column":3}},"loc":{"start":{"line":6,"column":37},"end":{"line":10,"column":3}},"line":6},"2":{"name":"(anonymous_2)","decl":{"start":{"line":11,"column":2},"end":{"line":11,"column":3}},"loc":{"start":{"line":11,"column":30},"end":{"line":20,"column":3}},"line":11},"3":{"name":"(anonymous_3)","decl":{"start":{"line":21,"column":2},"end":{"line":21,"column":3}},"loc":{"start":{"line":21,"column":41},"end":{"line":31,"column":3}},"line":21},"4":{"name":"(anonymous_4)","decl":{"start":{"line":33,"column":2},"end":{"line":33,"column":3}},"loc":{"start":{"line":33,"column":38},"end":{"line":37,"column":3}},"line":33}},"branchMap":{},"s":{"0":1,"1":0,"2":0,"3":0,"4":0,"5":0,"6":1},"f":{"0":0,"1":0,"2":0,"3":0,"4":0},"b":{},"_coverageSchema":"1a1c01bbd47fc00a2c39e90264f33305004495a9","hash":"f06f84e305794f78fec24dda2b19dc54dbb6c1fb"}
,"E:\\BINAR_Backend JS\\challenge\\24001184-km7-afz-basicbankingsystem-ch5\\models\\transaksiModels.js": {"path":"E:\\BINAR_Backend JS\\challenge\\24001184-km7-afz-basicbankingsystem-ch5\\models\\transaksiModels.js","statementMap":{"0":{"start":{"line":1,"column":15},"end":{"line":1,"column":42}},"1":{"start":{"line":5,"column":4},"end":{"line":10,"column":7}},"2":{"start":{"line":13,"column":4},"end":{"line":19,"column":7}},"3":{"start":{"line":22,"column":24},"end":{"line":43,"column":6}},"4":{"start":{"line":24,"column":6},"end":{"line":27,"column":9}},"5":{"start":{"line":30,"column":6},"end":{"line":33,"column":9}},"6":{"start":{"line":36,"column":6},"end":{"line":42,"column":9}},"7":{"start":{"line":45,"column":4},"end":{"line":45,"column":23}},"8":{"start":{"line":55,"column":30},"end":{"line":100,"column":6}},"9":{"start":{"line":57,"column":28},"end":{"line":59,"column":8}},"10":{"start":{"line":61,"column":6},"end":{"line":63,"column":7}},"11":{"start":{"line":62,"column":8},"end":{"line":62,"column":52}},"12":{"start":{"line":66,"column":33},"end":{"line":68,"column":8}},"13":{"start":{"line":70,"column":6},"end":{"line":72,"column":7}},"14":{"start":{"line":71,"column":8},"end":{"line":71,"column":57}},"15":{"start":{"line":75,"column":6},"end":{"line":77,"column":7}},"16":{"start":{"line":76,"column":8},"end":{"line":76,"column":68}},"17":{"start":{"line":80,"column":6},"end":{"line":83,"column":9}},"18":{"start":{"line":86,"column":6},"end":{"line":89,"column":9}},"19":{"start":{"line":92,"column":6},"end":{"line":99,"column":9}},"20":{"start":{"line":102,"column":4},"end":{"line":102,"column":29}},"21":{"start":{"line":105,"column":4},"end":{"line":111,"column":7}},"22":{"start":{"line":115,"column":0},"end":{"line":115,"column":27}}},"fnMap":{"0":{"name":"(anonymous_0)","decl":{"start":{"line":4,"column":2},"end":{"line":4,"column":3}},"loc":{"start":{"line":4,"column":30},"end":{"line":11,"column":3}},"line":4},"1":{"name":"(anonymous_1)","decl":{"start":{"line":12,"column":2},"end":{"line":12,"column":3}},"loc":{"start":{"line":12,"column":45},"end":{"line":20,"column":3}},"line":12},"2":{"name":"(anonymous_2)","decl":{"start":{"line":21,"column":2},"end":{"line":21,"column":3}},"loc":{"start":{"line":21,"column":78},"end":{"line":46,"column":3}},"line":21},"3":{"name":"(anonymous_3)","decl":{"start":{"line":22,"column":50},"end":{"line":22,"column":51}},"loc":{"start":{"line":22,"column":68},"end":{"line":43,"column":5}},"line":22},"4":{"name":"(anonymous_4)","decl":{"start":{"line":49,"column":2},"end":{"line":49,"column":3}},"loc":{"start":{"line":54,"column":4},"end":{"line":103,"column":3}},"line":54},"5":{"name":"(anonymous_5)","decl":{"start":{"line":55,"column":56},"end":{"line":55,"column":57}},"loc":{"start":{"line":55,"column":74},"end":{"line":100,"column":5}},"line":55},"6":{"name":"(anonymous_6)","decl":{"start":{"line":104,"column":2},"end":{"line":104,"column":3}},"loc":{"start":{"line":104,"column":46},"end":{"line":112,"column":3}},"line":104}},"branchMap":{"0":{"loc":{"start":{"line":61,"column":6},"end":{"line":63,"column":7}},"type":"if","locations":[{"start":{"line":61,"column":6},"end":{"line":63,"column":7}},{"start":{},"end":{}}],"line":61},"1":{"loc":{"start":{"line":70,"column":6},"end":{"line":72,"column":7}},"type":"if","locations":[{"start":{"line":70,"column":6},"end":{"line":72,"column":7}},{"start":{},"end":{}}],"line":70},"2":{"loc":{"start":{"line":75,"column":6},"end":{"line":77,"column":7}},"type":"if","locations":[{"start":{"line":75,"column":6},"end":{"line":77,"column":7}},{"start":{},"end":{}}],"line":75}},"s":{"0":1,"1":0,"2":0,"3":0,"4":0,"5":0,"6":0,"7":0,"8":0,"9":0,"10":0,"11":0,"12":0,"13":0,"14":0,"15":0,"16":0,"17":0,"18":0,"19":0,"20":0,"21":0,"22":1},"f":{"0":0,"1":0,"2":0,"3":0,"4":0,"5":0,"6":0},"b":{"0":[0,0],"1":[0,0],"2":[0,0]},"_coverageSchema":"1a1c01bbd47fc00a2c39e90264f33305004495a9","hash":"a08464222598ccb497ee81a865eb297a21b16ece"}
,"E:\\BINAR_Backend JS\\challenge\\24001184-km7-afz-basicbankingsystem-ch5\\models\\usersModels.js": {"path":"E:\\BINAR_Backend JS\\challenge\\24001184-km7-afz-basicbankingsystem-ch5\\models\\usersModels.js","statementMap":{"0":{"start":{"line":1,"column":15},"end":{"line":1,"column":42}},"1":{"start":{"line":4,"column":4},"end":{"line":4,"column":40}},"2":{"start":{"line":7,"column":4},"end":{"line":7,"column":69}},"3":{"start":{"line":10,"column":4},"end":{"line":13,"column":7}},"4":{"start":{"line":16,"column":4},"end":{"line":18,"column":5}},"5":{"start":{"line":17,"column":6},"end":{"line":17,"column":60}},"6":{"start":{"line":19,"column":4},"end":{"line":35,"column":7}},"7":{"start":{"line":39,"column":4},"end":{"line":56,"column":7}},"8":{"start":{"line":59,"column":4},"end":{"line":62,"column":7}},"9":{"start":{"line":66,"column":0},"end":{"line":66,"column":23}}},"fnMap":{"0":{"name":"(anonymous_0)","decl":{"start":{"line":3,"column":2},"end":{"line":3,"column":3}},"loc":{"start":{"line":3,"column":26},"end":{"line":5,"column":3}},"line":3},"1":{"name":"(anonymous_1)","decl":{"start":{"line":6,"column":2},"end":{"line":6,"column":3}},"loc":{"start":{"line":6,"column":38},"end":{"line":8,"column":3}},"line":6},"2":{"name":"(anonymous_2)","decl":{"start":{"line":9,"column":2},"end":{"line":9,"column":3}},"loc":{"start":{"line":9,"column":35},"end":{"line":14,"column":3}},"line":9},"3":{"name":"(anonymous_3)","decl":{"start":{"line":15,"column":2},"end":{"line":15,"column":3}},"loc":{"start":{"line":15,"column":31},"end":{"line":36,"column":3}},"line":15},"4":{"name":"(anonymous_4)","decl":{"start":{"line":38,"column":2},"end":{"line":38,"column":3}},"loc":{"start":{"line":38,"column":39},"end":{"line":57,"column":3}},"line":38},"5":{"name":"(anonymous_5)","decl":{"start":{"line":58,"column":2},"end":{"line":58,"column":3}},"loc":{"start":{"line":58,"column":36},"end":{"line":63,"column":3}},"line":58}},"branchMap":{"0":{"loc":{"start":{"line":16,"column":4},"end":{"line":18,"column":5}},"type":"if","locations":[{"start":{"line":16,"column":4},"end":{"line":18,"column":5}},{"start":{},"end":{}}],"line":16},"1":{"loc":{"start":{"line":16,"column":8},"end":{"line":16,"column":68}},"type":"binary-expr","locations":[{"start":{"line":16,"column":8},"end":{"line":16,"column":18}},{"start":{"line":16,"column":22},"end":{"line":16,"column":33}},{"start":{"line":16,"column":37},"end":{"line":16,"column":51}},{"start":{"line":16,"column":55},"end":{"line":16,"column":68}}],"line":16}},"s":{"0":1,"1":2,"2":0,"3":1,"4":0,"5":0,"6":0,"7":0,"8":0,"9":1},"f":{"0":2,"1":0,"2":1,"3":0,"4":0,"5":0},"b":{"0":[0,0],"1":[0,0,0,0]},"_coverageSchema":"1a1c01bbd47fc00a2c39e90264f33305004495a9","hash":"1cf26b31a5106038d77f223017b4974f3089b28e"}
,"E:\\BINAR_Backend JS\\challenge\\24001184-km7-afz-basicbankingsystem-ch5\\prisma\\client.js": {"path":"E:\\BINAR_Backend JS\\challenge\\24001184-km7-afz-basicbankingsystem-ch5\\prisma\\client.js","statementMap":{"0":{"start":{"line":1,"column":25},"end":{"line":1,"column":50}},"1":{"start":{"line":2,"column":15},"end":{"line":2,"column":33}},"2":{"start":{"line":4,"column":0},"end":{"line":4,"column":24}}},"fnMap":{},"branchMap":{},"s":{"0":1,"1":1,"2":1},"f":{},"b":{},"_coverageSchema":"1a1c01bbd47fc00a2c39e90264f33305004495a9","hash":"b345d93e9d874b2266ea2ecf3067c054d4f68e7e"}
,"E:\\BINAR_Backend JS\\challenge\\24001184-km7-afz-basicbankingsystem-ch5\\routes\\routesAkun.js": {"path":"E:\\BINAR_Backend JS\\challenge\\24001184-km7-afz-basicbankingsystem-ch5\\routes\\routesAkun.js","statementMap":{"0":{"start":{"line":1,"column":16},"end":{"line":1,"column":34}},"1":{"start":{"line":2,"column":15},"end":{"line":2,"column":31}},"2":{"start":{"line":3,"column":13},"end":{"line":3,"column":53}},"3":{"start":{"line":6,"column":0},"end":{"line":6,"column":43}},"4":{"start":{"line":7,"column":0},"end":{"line":7,"column":57}},"5":{"start":{"line":8,"column":0},"end":{"line":8,"column":46}},"6":{"start":{"line":9,"column":0},"end":{"line":9,"column":57}},"7":{"start":{"line":10,"column":0},"end":{"line":10,"column":61}},"8":{"start":{"line":12,"column":0},"end":{"line":12,"column":24}}},"fnMap":{},"branchMap":{},"s":{"0":1,"1":1,"2":1,"3":1,"4":1,"5":1,"6":1,"7":1,"8":1},"f":{},"b":{},"_coverageSchema":"1a1c01bbd47fc00a2c39e90264f33305004495a9","hash":"928a40ed18afd339cb21b7e978d654dbfd15561e"}
,"E:\\BINAR_Backend JS\\challenge\\24001184-km7-afz-basicbankingsystem-ch5\\routes\\routesTransaksi.js": {"path":"E:\\BINAR_Backend JS\\challenge\\24001184-km7-afz-basicbankingsystem-ch5\\routes\\routesTransaksi.js","statementMap":{"0":{"start":{"line":1,"column":16},"end":{"line":1,"column":34}},"1":{"start":{"line":2,"column":15},"end":{"line":2,"column":31}},"2":{"start":{"line":3,"column":18},"end":{"line":3,"column":64}},"3":{"start":{"line":6,"column":0},"end":{"line":6,"column":54}},"4":{"start":{"line":7,"column":0},"end":{"line":7,"column":71}},"5":{"start":{"line":8,"column":0},"end":{"line":8,"column":57}},"6":{"start":{"line":9,"column":0},"end":{"line":9,"column":70}},"7":{"start":{"line":10,"column":0},"end":{"line":10,"column":75}},"8":{"start":{"line":12,"column":0},"end":{"line":12,"column":24}}},"fnMap":{},"branchMap":{},"s":{"0":1,"1":1,"2":1,"3":1,"4":1,"5":1,"6":1,"7":1,"8":1},"f":{},"b":{},"_coverageSchema":"1a1c01bbd47fc00a2c39e90264f33305004495a9","hash":"69dd8f7076f2185c93bcdc4b96d96de3c33dcf0e"}
,"E:\\BINAR_Backend JS\\challenge\\24001184-km7-afz-basicbankingsystem-ch5\\routes\\routesUser.js": {"path":"E:\\BINAR_Backend JS\\challenge\\24001184-km7-afz-basicbankingsystem-ch5\\routes\\routesUser.js","statementMap":{"0":{"start":{"line":1,"column":16},"end":{"line":1,"column":34}},"1":{"start":{"line":2,"column":15},"end":{"line":2,"column":31}},"2":{"start":{"line":3,"column":14},"end":{"line":3,"column":56}},"3":{"start":{"line":22,"column":0},"end":{"line":22,"column":38}},"4":{"start":{"line":70,"column":0},"end":{"line":70,"column":49}},"5":{"start":{"line":146,"column":0},"end":{"line":146,"column":41}},"6":{"start":{"line":244,"column":0},"end":{"line":244,"column":49}},"7":{"start":{"line":311,"column":0},"end":{"line":311,"column":53}},"8":{"start":{"line":313,"column":0},"end":{"line":313,"column":24}}},"fnMap":{},"branchMap":{},"s":{"0":1,"1":1,"2":1,"3":1,"4":1,"5":1,"6":1,"7":1,"8":1},"f":{},"b":{},"_coverageSchema":"1a1c01bbd47fc00a2c39e90264f33305004495a9","hash":"b9f9990b9980be832f256d97712e3ae134cd896c"}
,"E:\\BINAR_Backend JS\\challenge\\24001184-km7-afz-basicbankingsystem-ch5\\swagger\\swaggerConfig.js": {"path":"E:\\BINAR_Backend JS\\challenge\\24001184-km7-afz-basicbankingsystem-ch5\\swagger\\swaggerConfig.js","statementMap":{"0":{"start":{"line":1,"column":21},"end":{"line":1,"column":45}},"1":{"start":{"line":3,"column":23},"end":{"line":19,"column":1}},"2":{"start":{"line":21,"column":20},"end":{"line":21,"column":48}},"3":{"start":{"line":23,"column":0},"end":{"line":23,"column":29}}},"fnMap":{},"branchMap":{},"s":{"0":1,"1":1,"2":1,"3":1},"f":{},"b":{},"_coverageSchema":"1a1c01bbd47fc00a2c39e90264f33305004495a9","hash":"470997cc5a25a511fa1c311c68a99649231d4750"}
}
